AA AA DD FE 2F FE 4D 01 FF FF AA AA 
D2 FE 36 FE 55 01 FF FF AA AA C2 FE 40 FE 4B 01 
FF AA AA C6 FE 55 FE 4B 01 FF FF AA AA CA FE 6B 
FE 49 01 FF FF FF AA AA CE FE 99 FE 25 01 FF FF 
AA AA D2 FE B7 FE 29 01 FF FF AA AA D5 FE CC FE 
19 01 FF FF AA AA DA FE D4 FE 12 01 FF FF AA AA 
E1 FE D8 FE 15 01 FF FF AA AA EE FE DB FE 0F 01 
FF FF AA AA F4 FE DC FE 0A 01 FF FF AA AA F9 FE 
E1 FE 08 01 FF FF AA AA EF FE EF FE 09 01 FF FF 
AA AA F0 FE 00 FF 0B 01 FF FF AA AA F5 FE 1A FF 
0C 01 FF FF AA AA FC FE 40 FF 0B 01 FF FF AA AA 
0D FF 77 FF 08 01 FF FF AA AA 2C FF AD FF 09 01 
FF FF AA AA 4B FF D9 FF 06 01 FF FF AA AA 68 FF 
F9 FF 06 01 FF FF AA AA 78 FF F9 FF F9 00 FF FF 
AA AA 87 FF FA FF FE 00 FF FF AA AA A1 FF 12 00 
FC 00 FF FF AA AA B5 FF 21 00 FE 00 FF FF AA AA 
CD FF 33 00 0D 01 FF FF AA AA E0 FF 37 00 08 01 
FF FF AA AA F4 FF 39 00 00 01 FF FF AA AA 08 00 
45 00 11 01 FF FF AA AA 19 00 52 00 1B 01 FF FF 
AA AA 2B 00 5D 00 20 01 FF FF AA AA 3F 00 67 00 
26 01 FF FF AA AA 43 00 72 00 2D 01 FF FF AA AA 
61 00 6B 00 2A 01 FF FF AA AA 6F 00 63 00 23 01 
FF FF AA AA 84 00 55 00 2A 01 FF FF AA AA 97 00 
4C 00 2B 01 FF FF AA AA BD 00 42 00 2D 01 FF FF 
AA AA E8 00 3B 00 3C 01 FF FF AA AA 17 01 2E 00 
4D 01 FF FF AA AA 62 01 16 00 70 01 FF FF AA AA 
85 01 0A 00 8B 01 FF FF AA AA A4 01 FD FF B0 01 
FF FF AA AA C4 01 F9 FF D5 01 FF FF AA AA DF 01 
F0 FF FD 01 FF FF AA AA EC 01 EA FF 18 02 FF FF 
AA AA FF 01 DE FF 3B 02 FF FF AA AA 09 02 CE FF 
57 02 FF FF AA AA 1B 02 BB FF 5D 02 FF FF AA AA 
24 02 AB FF 79 02 FF FF AA AA 2A 02 91 FF 91 02 
FF AA AA 36 02 82 FF 98 02 FF FF AA AA 37 02 74 
FF 9C 02 FF FF FF AA AA 32 02 72 FF A0 02 FF FF 
AA AA 35 02 6C FF 92 02 FF AA AA 37 02 56 FF 87 
02 FF FF AA AA 3B 02 4B FF 7B 02 FF FF FF AA AA 
37 02 64 FF 80 02 FF FF AA AA 33 02 4F FF 71 02 
FF FF AA AA 34 02 4B FF 72 02 FF FF AA AA 3C 02 
46 FF 79 02 FF FF AA AA 38 02 3A FF 6D 02 FF AA 
AA 30 02 32 FF 5E 02 FF FF AA AA 2D 02 2F FF 53 
02 FF FF FF AA AA 1F 02 3F FF 31 02 FF FF AA AA 
12 02 46 FF 16 02 FF FF AA AA 13 02 35 FF FF 01 
FF FF AA AA 1A 02 0A FF FE 01 FF FF AA AA 16 02 
F9 FE 04 02 FF FF AA AA 21 02 E6 FE 11 02 FF FF 
AA AA 1C 02 CA FE 25 02 FF FF AA AA 0D 02 A8 FE 
03 02 FF FF AA AA F2 01 7E FE DC 01 FF FF AA AA 
D1 01 4D FE CA 01 FF FF AA AA AF 01 23 FE B0 01 
FF FF AA AA 95 01 FE FD A8 01 FF FF AA AA 86 01 
E9 FD B5 01 FF FF AA AA 82 01 E4 FD AC 01 FF FF 
AA AA 86 01 EE FD B0 01 FF FF AA AA 7F 01 DE FD 
BF 01 FF FF AA AA 7F 01 D7 FD BC 01 FF FF AA AA 
79 01 D3 FD CB 01 FF FF AA AA 6D 01 CA FD BC 01 
FF FF AA AA 58 01 C6 FD B3 01 FF FF AA AA 5A 01 
CD FD A7 01 FF FF AA AA 45 01 DB FD 7F 01 FF FF 
AA AA 23 01 FA FD 4D 01 FF FF AA AA 17 01 1C FE 
39 01 FF FF AA AA 12 01 34 FE 1A 01 FF FF AA AA 
0E 01 43 FE 11 01 FF FF AA AA 04 01 57 FE 05 01 
FF FF AA AA F4 00 6D FE 02 01 FF FF AA AA E7 00 
84 FE E3 00 FF FF AA AA CC 00 A0 FE D4 00 FF FF 
AA AA BF 00 BA FE C1 00 FF FF AA AA B7 00 CE FE 
C3 00 FF FF AA AA B1 00 D5 FE BE 00 FF FF AA AA 
AE 00 DA FE C4 00 FF FF AA AA AD 00 D6 FE B7 00 
FF FF AA AA B2 00 AD FE C0 00 FF FF AA AA D1 00 
72 FE E8 00 FF FF AA AA FF 00 39 FE 0F 01 FF FF 
AA AA 38 01 11 FE 49 01 FF FF AA AA 65 01 FF FD 
83 01 FF AA AA 91 01 FB FD AD 01 FF FF AA AA A8 
01 FF FD D1 01 FF FF FF AA AA BB 01 04 FE E7 01 
FF FF AA AA CE 01 12 FE 0B 02 FF AA AA ED 01 28 
FE 32 02 FF FF AA AA EE 01 25 FE 36 02 FF FF FF 
AA AA DE 01 1E FE 25 02 FF FF AA AA EE 01 21 FE 
50 02 FF FF AA AA EE 01 18 FE 45 02 FF FF AA AA 
E7 01 0B FE 4F 02 FF FF AA AA E4 01 18 FE 4F 02 
FF AA AA EE 01 24 FE 61 02 FF FF AA AA F8 01 2F 
FE 64 02 FF FF FF AA AA 07 02 47 FE 63 02 FF FF 
AA AA 0F 02 74 FE 77 02 FF FF AA AA 1B 02 94 FE 
75 02 FF FF AA AA 21 02 A2 FE 84 02 FF FF AA AA 
1E 02 A1 FE 82 02 FF FF AA AA 1C 02 B7 FE 70 02 
FF FF AA AA 1F 02 D0 FE 73 02 FF FF AA AA 19 02 
F2 FE 5E 02 FF FF AA AA 1A 02 0C FF 57 02 FF FF 
AA AA 11 02 2D FF 45 02 FF AA AA 00 02 7F FF 3E 
02 FF FF AA AA EE 01 B3 FF 28 02 FF FF FF AA AA 
08 02 53 FF 40 02 FF FF AA AA D3 01 EE FF 1C 02 
FF FF AA AA AC 01 29 00 17 02 FF FF AA AA 70 01 
68 00 0A 02 FF FF AA AA 2A 01 A7 00 0B 02 FF FF 
AA AA A9 00 F4 00 10 02 FF FF AA AA 2D 00 16 01 
1A 02 FF FF AA AA B8 FF 22 01 2C 02 FF FF AA AA 
70 FF 1C 01 31 02 FF FF AA AA 18 FF 03 01 3D 02 
FF FF AA AA D8 FE EE 00 45 02 FF FF AA AA 94 FE 
C7 00 51 02 FF FF AA AA 4B FE 95 00 68 02 FF FF 
AA AA 1D FE 62 00 77 02 FF FF AA AA 03 FE 32 00 
71 02 FF FF AA AA EF FD 11 00 70 02 FF FF AA AA 
D7 FD E0 FF 82 02 FF FF AA AA C7 FD AA FF 86 02 
FF FF AA AA BD FD 7A FF 8B 02 FF FF AA AA B7 FD 
57 FF 97 02 FF FF AA AA B1 FD 36 FF B4 02 FF FF 
AA AA AC FD 19 FF B0 02 FF FF AA AA B5 FD 05 FF 
B4 02 FF FF AA AA BC FD DA FE A6 02 FF FF AA AA 
D1 FD 71 FE 97 02 FF FF AA AA 0F FE F9 FD 88 02 
FF FF AA AA 54 FE A3 FD 80 02 FF FF AA AA 90 FE 
69 FD 6E 02 FF FF AA AA E1 FE 42 FD 5D 02 FF FF 
AA AA 2F FF 22 FD 49 02 FF FF AA AA 77 FF 13 FD 
37 02 FF FF AA AA CA FF 0A FD 1E 02 FF AA AA 18 
00 07 FD 16 02 FF FF AA AA 3D 00 11 FD 08 02 FF 
FF AA AA 74 00 16 FD 07 02 FF FF FF AA AA C2 00 
23 FD 19 02 FF FF AA AA 12 01 3C FD 33 02 FF FF 
AA AA 48 01 54 FD 4E 02 FF FF AA AA 8D 01 81 FD 
63 02 FF AA AA D4 01 CE FD 87 02 FF FF AA AA 00 
02 1C FE 8E 02 FF FF FF AA AA 15 02 55 FE 8B 02 
FF FF AA AA 21 02 74 FE 99 02 FF FF AA AA 29 02 
97 FE AE 02 FF FF AA AA 2E 02 B9 FE AF 02 FF FF 
AA AA 2E 02 D0 FE AF 02 FF FF AA AA 30 02 D9 FE 
B2 02 FF FF AA AA 37 02 D8 FE B9 02 FF FF AA AA 
31 02 E2 FE C3 02 FF FF AA AA 36 02 E7 FE CE 02 
FF FF AA AA 30 02 09 FF DC 02 FF FF AA AA 2E 02 
20 FF C1 02 FF FF AA AA 31 02 18 FF BF 02 FF FF 
AA AA 2A 02 37 FF AC 02 FF FF AA AA 24 02 65 FF 
85 02 FF FF AA AA 1B AA AA 1B 02 5E FF 8E 02 FF 
FF AA AA 1D 02 70 FF 98 02 FF FF 02 70 FF 98 02 
FF FF AA AA 10 02 99 FF 83 02 FF FF AA AA F1 01 
DD FF 68 02 FF FF AA AA C1 01 29 00 4A 02 FF FF 
AA AA 7E 01 72 00 37 02 AA AA 33 01 AE 00 1D 02 
FF FF AA AA DA 00 D6 00 05 02 FF FF FF FF AA AA 
78 00 FB 00 F6 01 FF FF AA AA 22 00 06 01 F5 01 
FF FF AA AA D7 FF 11 01 0D 02 FF FF AA AA 89 FF 
0B 01 FC 01 FF FF AA AA 44 FF FF 00 0F 02 FF FF 
AA AA 09 FF E8 00 10 02 FF FF AA AA CB FE D1 00 
16 02 FF FF AA AA 8D FE 9F 00 27 02 FF FF AA AA 
41 FE 66 00 3E 02 FF FF AA AA 0E FE 2A 00 41 02 
FF FF AA AA F4 FD FA FF 4F 02 FF FF AA AA EB FD 
DA FF 45 02 FF FF AA AA E0 FD C8 FF 50 02 FF AA 
AA D3 FD 94 FF 4D 02 FF FF AA AA C6 FD 5C FF 54 
02 FF FF FF AA AA C7 FD 2F FF 54 02 FF FF AA AA 
C8 FD 14 FF 3D 02 FF AA AA C1 FD 0C FF 45 02 FF 
FF AA AA C8 FD FE FE 45 02 FF FF FF AA AA CF FD 
E7 FE 42 02 FF FF AA AA DC AA AA D6 FD A9 FE 45 
02 FF FF AA AA D9 FD 99 FE 3E 02 FF FF AA AA EA 
FD 73 FE 3C 02 FF FF AA AA 15 FE 17 FE 37 02 FF 
FF AA AA 49 FE D6 FD 23 02 FF FF FE D6 FD 23 02 
FF FF AA AA 72 FE AF FD 23 02 FF FF AA AA A5 FE 
83 FD 08 02 FF FF AA AA EC FE 63 FD F7 01 FF FF 
AA AA 2B FF 53 FD E4 01 FF FF AA AA 56 FF 50 FD 
C3 01 FF FF AA AA 7A FF 50 FD B6 01 FF FF AA AA 
B8 FF 45 FD B6 01 FF FF AA AA EB FF 49 FD A3 01 
FF FF AA AA 18 00 51 FD 91 01 FF FF AA AA 4B 00 
56 AA AA 80 00 55 FD 97 01 FF FF AA AA B7 00 5A 
FD AF 01 FF FF FD AF 01 FF FF AA AA E4 00 63 FD 
CA 01 FF FF AA AA 0B 01 69 FD D8 01 FF FF AA AA 
2F 01 77 FD E8 01 FF FF AA AA 46 01 81 FD ED 01 
FF FF AA AA 58 01 80 FD F8 01 FF FF AA AA 5F 01 
86 FD 05 02 FF FF AA AA 63 01 86 FD 01 02 FF AA 
AA 5F 01 80 FD 0A 02 FF FF AA AA 69 01 7B FD 0B 
02 FF FF FF AA AA 67 01 83 FD 04 02 FF FF AA AA 
60 01 7F FD 09 02 FF FF AA AA 60 01 75 FD 05 02 
FF FF AA AA 61 01 79 FD 0A 02 FF FF AA AA 68 01 
7A FD 12 02 FF FF AA AA 73 01 80 FD 17 02 FF FF 
AA AA 7C 01 8B FD 0F 02 FF FF AA AA 85 01 9D FD 
04 02 FF FF AA AA 92 01 A6 FD FE 01 FF FF AA AA 
91 01 B6 FD EA 01 FF AA AA 86 01 B9 FD DB 01 FF 
FF AA AA 7F 01 C0 FD C8 01 FF FF AA AA 85 01 CA 
FD DA 01 FF FF FF AA AA 94 01 CF FD CF 01 FF FF 
AA AA 9E 01 D6 FD D3 01 FF FF AA AA 98 01 D2 FD 
E3 01 FF FF AA AA 94 AA AA 97 01 C8 FD F6 01 FF 
FF AA AA A6 01 E3 FD EA 01 FF FF 01 E3 FD EA 01 
FF FF AA AA B0 01 0C FE D1 01 FF FF AA AA C4 01 
55 FE C9 01 FF FF AA AA CC 01 8F FE AA 01 FF FF 
AA AA D1 01 EA FE 93 01 FF AA AA AF 01 40 FF 75 
01 FF FF AA AA 88 01 94 FF 60 01 FF FF FF AA AA 
4F 01 DB FF 4D 01 FF FF AA AA 15 01 0E 00 41 01 
FF AA AA E4 00 2D 00 32 01 FF FF AA AA B7 00 47 
00 35 01 FF FF AA AA 89 00 58 00 2B 01 FF FF FF 
AA AA 5D 00 68 00 29 01 FF FF AA AA 20 00 73 00 
23 01 FF FF AA AA DC FF 72 00 25 01 FF FF AA AA 
94 FF 69 00 22 01 FF FF AA AA 45 FF 4C 00 22 01 
FF FF AA AA 14 FF 21 00 1F 01 FF FF AA AA 03 FF 
02 00 29 01 FF FF AA AA 11 FF 16 00 1A 01 FF FF 
AA AA 28 FF 2A 00 1F 01 FF FF AA AA 04 FF 02 00 
18 01 FF FF AA AA E5 FE CB FF 11 01 FF FF AA AA 
DA FE B5 FF 17 01 FF AA AA E1 FE AB FF 13 01 FF 
FF AA AA EC FE B4 FF 17 01 FF FF FF AA AA F0 FE 
C5 FF 0D 01 FF FF AA AA F1 FE DB FF 1F 01 FF FF 
AA AA EF FE D4 FF 14 01 FF FF AA AA F1 FE CA FF 
13 01 FF FF AA AA AA E2 FE CF FF 1D 01 FF FF AA 
AA D3 FE D0 FF 29 01 FF FF AA E7 FE D3 FF 1D 01 
FF FF AA AA A1 FE DA FF 53 01 FF FF AA AA 5B FE 
D4 FF 7E 01 FF FF AA AA 26 FE C9 FF CA 01 FF FF 
AA AA F3 FD A6 FF 03 02 FF FF AA AA D1 FD 8E FF 
37 02 FF FF AA AA C4 FD 77 FF 6C 02 FF FF AA AA 
AC FD 5E FF A6 02 FF FF AA AA A9 FD 34 FF E9 02 
FF FF AA AA A8 FD 13 FF 25 03 FF FF AA AA B0 FD 
F8 FE AA AA BD FD DA FE 80 03 FF FF AA AA C3 FD 
B4 FE AE 03 FF FF AE 03 FF FF AA AA D6 FD 8C FE 
C8 03 FF FF AA AA E7 FD 6E FE D6 03 FF FF AA AA 
F3 FD 54 FE EA 03 FF FF AA AA 04 FE 33 FE EA 03 
FF FF AA AA 12 FE 16 FE E2 03 FF FF AA AA 2F FE 
F1 FD F5 03 FF FF AA AA 43 FE CA FD EC 03 FF FF 
AA AA 5E FE A8 FD D2 03 FF FF AA AA 68 FE 7D FD 
99 03 FF FF AA AA 63 FE 73 FD 56 03 FF FF AA AA 
5A FE 78 FD 0E 03 FF FF AA AA 4F FE 7C FD DF 02 
FF FF AA AA 57 FE 7F FD A9 02 FF FF AA AA 67 FE 
7C FD 94 02 FF FF AA AA 6A FE 8A FD 6D 02 FF FF 
AA AA 61 FE 9D FD 51 02 FF FF AA AA 54 FE A2 FD 
57 02 FF FF AA AA 5B FE 9A FD 5C 02 FF FF AA AA 
5A FE A6 FD 4E 02 FF FF AA AA AA AA 48 FE B5 FD 
5F 02 FF FF AA AA 4B FE A0 FD 7A 02 FF FF 4E FE 
B4 FD 49 02 FF FF AA AA 47 FE A8 FD 6B 02 FF FF 
AA AA 48 FE B5 FD 63 02 FF FF AA AA 3E FE C0 FD 
68 02 FF FF AA AA 38 FE C6 FD 62 02 FF FF AA AA 
2B FE CD FD 5E 02 FF FF AA AA 26 FE E2 FD 51 02 
FF FF AA AA 20 FE EE FD 5F 02 FF FF AA AA 09 FE 
07 FE 75 02 FF FF AA AA F0 FD 23 FE 80 02 FF FF 
AA AA E9 FD 36 FE 80 02 FF FF AA AA E7 FD 40 FE 
8D 02 FF FF AA AA E9 FD 4F FE 86 02 FF FF AA AA 
E5 FD 5E FE 6A 02 FF FF AA AA EA FD 6D FE 65 02 
FF FF AA AA EA FD 7C FE 3C 02 FF FF AA AA F0 FD 
8E FE 1D 02 FF FF AA AA F7 FD AF FE F8 01 FF FF 
AA AA 0A FE F1 FE CC 01 FF FF AA AA 19 FE 31 FF 
B8 01 FF FF AA AA 27 FE 6A FF B0 01 FF FF AA AA 
2C FE A4 FF B6 01 FF FF AA AA 35 FE D6 FF C5 01 
FF FF AA AA 46 FE 0F 00 D1 01 FF FF AA AA 5C FE 
4C 00 E9 01 FF FF AA AA 71 FE 7B 00 14 02 FF FF 
AA AA 7E FE 91 00 0F 02 FF FF AA AA 7E FE 92 00 
15 02 FF FF AA AA 88 FE AC 00 38 02 FF FF AA AA 
98 FE BE 00 4F 02 FF FF AA AA A0 FE C8 00 5A 02 
FF FF AA AA A3 FE CE AA AA A3 FE D1 00 6C 02 FF 
FF AA AA A0 FE D4 00 7A 02 FF FF AA AA 9E FE D9 
00 87 02 FF FF 00 7A AA AA A0 FE D2 00 8D 02 FF 
FF AA AA A2 FE DB 00 8F 02 FF FF 02 FF FF AA AA 
A4 FE E4 00 99 02 FF FF AA AA AC FE EA 00 B9 02 
FF FF AA AA BA FE F4 00 E6 02 FF FF AA AA D0 FE 
FC 00 23 03 FF FF AA AA E4 FE FF 00 50 03 FF FF 
AA AA F6 FE 08 01 5A AA AA F1 FE FE 00 77 03 FF 
FF AA AA EB FE F7 00 84 03 FF FF 03 FF FF AA AA 
D2 FE E1 00 B5 03 FF FF AA AA C1 FE BC 00 E3 03 
FF FF AA AA A7 FE 8D 00 0A 04 FF FF AA AA 98 FE 
54 00 49 04 FF FF AA AA 87 FE 12 00 6C 04 FF FF 
AA AA 82 FE C6 FF 9E 04 04 FF FF AA AA 7F FE 40 
FF BD 04 FF FF AA AA 8C FE 13 FF C3 04 FF FF FF 
C3 04 FF FF FE 7A FF A9 AA AA A2 FE DD FE D2 04 
FF FF AA AA A9 FE 9D FE D2 04 FF FF AA AA A6 FE 
5A FE BE 04 FF FF AA AA 9E FE 18 FE 9A 04 FF FF 
AA AA A4 FE E9 FD 6C 04 FF FF AA AA A6 FE C3 FD 
5D 04 FF FF AA AA A6 FE B3 FD 3C 04 FF FF AA AA 
A7 FE 97 FD 27 04 FF FF AA AA A6 FE 80 FD FE 03 
FF FF AA AA A3 FE 6B FD D0 03 FF FF AA AA 9E FE 
62 FD B1 03 FF FF AA AA 9C FE 53 FD 88 03 FF FF 
AA AA 98 FE 47 FD 5B 03 FF FF AA AA A0 FE AA AA 
A7 FE 42 FD C3 02 FF FF AA AA AE FE 49 FD 7B 02 
FF FF AA AA BE FE 45 FD 76 02 AA AA C3 FE 40 FD 
74 02 FF FF AA AA C6 FE 4E FD 4D 02 FF FF FF FF 
4E FD 4D 02 FF FF AA AA CB FE 60 FD 1D 02 FF FF 
AA AA DD FE 67 FD 01 02 FF FF AA AA F1 FE 50 FD 
0E 02 FF FF AA AA F7 FE 5D FD ED 01 FF FF AA AA 
09 FF 6A FD D4 01 FF FF AA AA 19 FF 7A FD BA 01 
FF FF AA AA 21 FF 98 FD 97 01 FF FF AA AA 22 FF 
B5 FD AA AA 2B FF B0 FD 72 01 FF FF AA AA 2E FF 
B8 FD 6A 01 FF FF 6A 01 FF FF AA AA 65 FF B3 FD 
59 01 FF FF AA AA B4 FF C2 FD 38 01 FF FF AA AA 
1D 00 DB FD 1D 01 FF FF AA AA 7E 00 11 FE 17 01 
FF FF AA AA D4 00 4C FF AA AA 11 01 A0 FE 03 01 
FF FF AA AA 29 01 F4 FE 02 01 FF FF FE 07 01 FF 
AA AA 41 01 4B FF 11 01 FF FF AA AA 3E 01 B1 FF 
27 01 FF FF AA AA 37 01 F6 FF 46 01 FF FF AA AA 
27 01 28 00 5B 01 FF FF AA AA 0B 01 4B 00 70 01 
FF FF AA AA 02 01 74 00 81 01 FF FF AA AA E7 00 
9A 00 9E 01 FF FF AA AA D2 00 BE 00 B9 01 FF AA 
AA AA 00 D7 00 DB 01 FF FF AA AA 6F 00 04 01 F2 
01 FF FF FF AA AA 24 00 23 01 24 02 FF FF AA AA 
F3 FF 2A 01 36 02 FF FF AA AA D9 FF 2B 01 3B 02 
FF FF AA AA AC FF 29 01 48 02 FF FF AA AA 8C FF 
2B 01 49 02 FF FF AA AA 7B FF 23 01 53 02 FF FF 
AA AA AA 5D FF 26 01 5C 02 FF FF AA AA 66 FF 29 
01 6C 02 FF FF AA 69 FF 24 01 55 02 FF FF AA AA 
4A FF 1E 01 61 02 FF FF AA AA 08 FF 05 01 4B 02 
FF FF AA AA DE FE D9 00 13 02 FF FF AA AA C1 FE 
A8 00 DE 01 FF FF AA AA A7 FE 6C 00 C0 01 FF FF 
AA AA A5 FE 45 00 96 01 FF FF AA AA 9F FE 22 00 
84 01 FF FF AA AA 96 FE FA FF 74 01 FF FF AA AA 
96 FE DD FF 6C 01 FF FF AA AA 9C FE C2 FF 50 01 
FF FF AA AA 9C FE 9D FF 4A 01 FF FF AA AA A5 FE 
7E FF AA AA AA FE 54 FF 32 01 FF FF AA AA BA FE 
3B FF 26 01 FF FF AA AA BD FE 20 FF 23 01 FF FF 
26 01 FF AA AA CB FE FD FE 1E 01 FF FF AA AA DC 
FE D3 FE 14 01 FF FF FF AA AA FE FE AF FE 09 01 
FF FF AA AA 17 FF 84 FE 10 01 FF FF AA AA 32 FF 
53 FE 15 01 FF FF AA AA 5D FF 24 FE 17 01 FF FF 
AA AA 77 FF FA FD 26 01 FF FF AA AA 91 FF D8 FD 
2D 01 FF FF AA AA A9 FF B4 FD 4C 01 FF FF AA AA 
C8 FF 91 FD 69 01 FF FF AA AA E0 FF 6A FD 91 01 
FF FF AA AA 00 00 59 FD B3 01 FF FF AA AA 08 00 
4A FD B4 01 FF FF AA AA 21 00 42 FD C7 01 FF FF 
AA AA 36 00 3B FD C9 01 FF FF AA AA 55 00 37 FD 
EB 01 FF FF AA AA 71 00 2F FD F9 01 FF FF AA AA 
82 00 27 FD 1F 02 FF FF AA AA A3 AA AA B2 00 13 
FD 60 02 FF FF AA AA C9 00 0C FD 9F 02 FF FF 00 
17 FD 37 02 FF FF AA AA F0 00 13 FD D6 02 FF FF 
AA AA 08 01 20 FD 10 03 FF FF AA AA 1A 01 2D FD 
4C 03 FF FF AA AA 19 01 3B FD 70 03 FF FF AA AA 
1A 01 4C FD 9E 03 FF FF AA AA 17 01 5C FD C3 03 
FF AA AA 1F 01 6A FD E3 03 FF FF AA AA 20 01 77 
FD F7 03 FF FF FF AA AA 26 01 8B FD 03 04 FF FF 
AA AA 2D 01 99 FD 13 04 FF AA AA 27 01 99 FD 1C 
04 FF FF AA AA 2D 01 96 FD 0A 04 FF FF FF AA AA 
21 01 93 FD 0C 04 FF FF AA AA 17 01 97 FD 21 04 
FF FF AA AA 31 01 B7 FD 26 04 FF FF AA AA 4B 01 
C1 FD 0E 04 FF FF AA AA 2D 01 AE FD 2A 04 FF FF 
AA AA 6C 01 D6 FD 03 04 FF FF AA AA 81 01 F7 FD 
FC 03 FF FF AA AA 8D 01 0E FE 03 04 FF FF AA AA 
9E 01 1C FE F4 03 FF FF AA AA B3 01 35 FE E6 03 
FF FF AA AA D9 01 63 FE CA 03 FF FF AA AA F5 01 
9B FE 9F 03 FF FF AA AA 0E 02 D1 FE 5D 03 FF FF 
AA AA 1B 02 0B FF F7 02 FF FF AA AA 0F 02 46 FF 
9D 02 FF FF AA AA F9 01 74 FF 4E 02 FF FF AA AA 
DC 01 8A FF 0B 02 FF FF AA AA C9 01 8A FF E5 01 
FF FF AA AA B2 01 90 FF C4 01 FF FF AA AA 8B 01 
86 FF 94 01 FF FF AA AA 56 AA AA E7 00 7C FF 11 
01 FF FF AA AA F9 00 6D FF 12 01 FF FF 00 6D FF 
12 01 FF FF AA AA 17 AA AA F0 00 5A FF 10 01 FF 
FF AA AA D9 00 51 FF 0F 01 FF FF 01 7D FF 22 01 
FF FF AA AA B5 00 48 FF F8 00 FF FF AA AA A2 00 
31 FF EC 00 FF FF AA AA A0 00 19 FF F5 00 FF FF 
AA AA B5 00 08 FF 01 01 FF FF AA AA AE 00 F7 FE 
EE 00 FF FF AA AA 97 00 CB FE ED 00 FF FF AA AA 
8C 00 8C FE FF 00 FF FF AA AA 96 00 48 FE 19 01 
FF FF AA AA 9E 00 F7 FD 50 01 FF FF AA AA A7 00 
BE FD 78 01 FF FF AA AA AE 00 97 FD A6 01 FF FF 
AA AA B0 00 65 FD E3 01 FF FF AA AA AA AB 00 1D 
FD 91 02 FF FF AA AA A3 00 0E FD C6 02 FF FF AA 
AB 00 34 FD 43 02 FF FF AA AA 96 00 09 FD 03 03 
FF FF AA AA 80 00 03 FD 1D 03 FF FF AA AA 6D 00 
FE FC 26 03 FF FF AA AA 5B 00 FD FC 41 03 FF AA 
AA 51 00 FB FC 5A 03 FF FF AA AA 3D 00 FD FC 72 
03 FF FF FF AA AA 38 00 02 FD A3 03 FF FF AA AA 
25 00 11 FD C7 03 FF FF AA AA 0A 00 0C FD D1 03 
FF FF AA AA 00 00 0C FD CE 03 FF FF AA AA F1 FF 
0F FD D1 03 FF FF AA AA EA FF 14 FD E3 03 AA AA 
FF FF 15 FD F0 03 FF FF AA AA 30 00 1C FD EB 03 
FF FF FF FF AA AA 43 00 20 FD F5 03 FF FF AA AA 
33 00 2C FD 1B 04 FF FF AA AA 51 00 49 FD 3C 04 
FF FF AA AA 83 00 5E FD 3D 04 FF FF AA AA 3B 00 
39 FD 2A 04 FF FF AA AA 9B 00 7C FD 60 04 FF FF 
AA AA 9B 00 9A FD 7B 04 FF FF AA AA A0 00 C3 FD 
9E 04 FF FF AA AA A6 00 EB FD C5 04 FF FF AA AA 
AF 00 15 FE C6 04 FF FF AA AA BB 00 33 FE D5 04 
FF FF AA AA C4 00 57 FE DC 04 FF FF AA AA D5 00 
79 FE E3 04 FF FF AA AA DE 00 A0 FE E4 04 FF FF 
AA AA E6 00 C0 FE DA 04 FF AA AA 00 01 EB FE D9 
04 FF FF AA AA 13 01 3B FF CE 04 FF FF FF AA AA 
10 01 9C FF BB 04 FF FF AA AA 01 01 15 00 85 04 
FF FF AA AA AA AA 76 00 E8 00 E0 03 FF FF AA AA 
18 00 24 01 83 03 FF FF C9 00 91 00 30 04 FF FF 
AA AA CC FF 33 01 44 03 FF FF AA AA A5 FF 37 01 
27 03 FF FF AA AA 7A FF 39 01 01 03 FF FF AA AA 
43 FF 28 01 D3 02 FF FF AA AA 0E FF 17 01 C9 02 
FF FF AA AA E8 FE 0A 01 B8 02 FF FF AA AA CB FE 
FF 00 BE 02 FF FF AA AA BA FE F1 00 AF 02 FF FF 
AA AA B2 FE ED 00 9C 02 FF FF AA AA B8 FE E9 00 
AA AA A7 FE E3 00 8F 02 FF FF AA AA 8D FE CF 00 
8C 02 FF FF 8C 02 FF FF AA AA 7D FE C4 00 74 02 
FF FF AA AA 69 FE B2 00 74 02 FF FF AA AA 54 FE 
96 00 58 02 FF FF AA AA 47 FE 7E 00 4D 02 FF AA 
AA 3C FE 38 00 08 02 FF FF AA AA 37 FE F7 FF DB 
01 FF FF FF AA AA 40 FE 62 00 2C 02 FF FF AA AA 
48 FE C1 FF A7 01 FF FF AA AA 70 FE A2 FF 6F 01 
FF FF AA AA 93 FE 98 FF 55 01 FF FF AA AA A2 FE 
7E FF 3B 01 FF AA AA 9C FE 6F FF 45 01 FF FF AA 
AA 95 FE 66 FF 44 01 FF FF FF AA AA A6 FE 61 FF 
45 01 FF FF AA AA BA FE 68 FF 2D 01 FF AA AA CD 
FE 67 FF 1A 01 FF FF AA AA E1 FE 67 FF 1E 01 FF 
FF FF AA AA 02 FF 6A FF FD 00 FF FF AA AA 2D FF 
66 AA AA 5A FF 63 FF D9 00 FF FF AA AA 86 FF 56 
FF E1 00 FF FF AA AA C1 FF 46 FF C8 00 FF FF FF 
E1 00 AA AA D7 FF 39 FF C9 00 FF FF AA AA EA FF 
2C FF CD 00 FF FF FF FF AA AA 0F 00 1B FF CD 00 
FF FF AA AA 38 00 10 FF CC 00 FF FF AA AA 59 00 
F7 FE D9 00 FF FF AA AA 6D 00 DD FE DE 00 FF FF 
AA AA 74 00 C0 FE E2 00 FF FF AA AA 78 00 91 FE 
F2 00 AA AA 6F 00 5C FE 09 01 FF FF AA AA 6D 00 
28 FE 19 01 FF FF FF FF AA AA 53 00 F8 FD 3D 01 
FF FF AA AA 28 00 C6 FD 60 01 AA AA EC FF 98 FD 
91 01 FF FF AA AA 8B FF 73 FD C7 01 FF FF FF FF 
AA AA 2E FF 69 FD 10 02 FF FF AA AA DC FE 76 FD 
3E 02 FF FF AA FF AA AA 8E FE A3 FD 76 02 FF FF 
AA AA 8C FE 9F FD 72 02 FF FF AA A5 FE 8F FD 75 
02 FF AA AA 80 FE A9 FD 61 02 FF FF AA AA 81 FE 
B3 FD 53 02 FF FF AA AA 85 FE AE FD 4F 02 FF FF 
AA AA 84 FE B1 FD 45 02 FF FF AA AA 88 FE B5 FD 
2B 02 FF FF AA AA 86 FE C5 FD 27 02 FF FF AA AA 
91 FE C2 FD 14 02 FF FF AA AA A8 FE BA FD E9 01 
FF FF AA AA BF FE BE FD CC 01 FF FF AA AA DF FE 
C7 FD A4 01 FF FF AA AA D6 FE C5 FD A6 01 FF FF 
AA AA D5 FE BC FD B2 01 FF FF AA AA E1 FE B6 FD 
B1 01 FF FF AA AA F9 FE B6 FD 9A 01 FF FF AA AA 
24 FF B5 FD 77 01 FF FF AA AA 41 AA AA F6 FE 6A 
FD F4 01 FF FF AA AA D0 FE 4E FD 3A 02 FF FF FE 
4E FD 3A 02 FF FF AA AA 24 AA AA B2 FE 4E FD 79 
02 FF FF AA AA 9D FE 48 FD BC 02 FF FF FF 8E FD 
A3 01 FF FF AA AA 88 FE 4B FD F7 02 FF FF AA AA 
68 FE 6C FD 52 03 FF FF AA AA 62 FE 86 FD B1 03 
FF FF AA AA 6D FE A3 FD 04 04 FF FF AA AA 95 FE 
C0 FD 54 04 FF FF AA AA CF FE C8 FD 9A AA AA 04 
FF B3 FD AA 04 FF FF AA AA 2E FF B4 FD C0 04 FF 
FF 04 FF FF AA AA 7D FF C9 FD E4 04 FF FF AA AA 
B1 FF CC FD AA AA C2 FF E3 FD 0B 05 FF FF AA AA 
D6 FF 11 FE 0B 05 FF FF AA AA F5 FF 52 FE 2B 05 
FF FF 0B 05 FF AA AA F4 FF A3 FE 4A 05 FF FF AA 
AA F3 FF E6 FE 47 05 FF FF FF AA AA 00 00 1C FF 
38 05 FF FF AA AA 05 00 5B FF 35 05 FF FF AA AA 
06 00 9C FF 25 05 FF FF AA AA 23 00 C4 FF 0F 05 
FF FF AA AA 46 00 EC FF 04 05 FF FF AA AA 55 00 
12 00 EA 04 FF FF AA AA 63 00 38 00 CE 04 FF FF 
AA AA 70 00 5E 00 AD 04 FF FF AA AA 83 00 7B 00 
88 04 FF FF AA AA 9B 00 8E 00 6A 04 FF AA AA BB 
00 91 00 3E 04 FF FF AA AA E5 00 9B 00 1C 04 FF 
FF FF AA AA 04 01 9E 00 E7 03 FF FF AA AA 08 01 
B6 00 C7 03 FF AA AA 20 01 AE 00 A6 03 FF FF AA 
AA 45 01 A8 00 75 03 FF FF AA AA 68 01 A2 00 FC 
02 FF FF FF AA AA 9A 01 67 00 7A 02 FF FF AA AA 
B9 01 1E 00 30 02 FF FF AA AA C2 01 E3 FF 02 02 
FF FF AA AA C1 AA AA C2 01 31 FF AC 01 FF FF AA 
AA C1 01 D2 FE B6 01 FF FF 01 D2 FE B6 01 FF FF 
AA AA B8 01 82 FE C9 01 FF FF AA AA B0 01 42 FE 
E4 01 FF FF AA AA 9D 01 12 FE FD 01 FF FF AA AA 
96 01 ED FD 17 02 FF AA AA 89 01 D6 FD 25 02 FF 
FF AA AA 82 01 BA FD 55 02 FF FF FF AA AA 77 01 
95 FD 8F 02 FF FF AA AA 66 01 77 FD D7 02 FF FF 
AA AA 46 01 61 FD 11 03 FF FF AA AA 32 01 5A FD 
64 03 FF FF AA AA 0D 01 50 FD 8F 03 FF FF AA AA 
ED 00 52 FD C6 03 FF FF AA AA B9 00 46 FD DB 03 
FF FF AA AA 97 00 42 FD F1 03 FF FF AA AA 84 00 
48 FD AA AA 80 00 57 FD 12 04 FF FF AA AA 68 00 
50 FD 10 04 FF FF 10 04 FF FF AA AA 12 00 4A FD 
1E 04 FF FF AA AA 94 FF 5E FD 2A 04 FF FF AA AA 
30 FF 90 FD 49 04 FF FF AA AA F9 FE C1 FD 56 04 
FF FF AA AA CF FE F3 FD 57 04 FF FF AA AA AC FE 
31 FE 6F 04 FF FF AA AA 95 FE 6A FE 7A 04 FF FF 
AA AA 86 FE BC FE 8F 04 FF FF AA AA 7E FE 11 FF 
90 04 FF FF AA AA 81 FE 50 FF 92 04 FF FF AA AA 
8F FE 94 FF 8F 04 FF FF AA AA B4 FE F0 FF 87 04 
FF AA AA F0 FE 43 00 78 04 FF FF AA AA C2 FE 1F 
00 73 04 FF FF FF AA AA AA AA 7A FE CA FF 67 04 
FF FF AA AA 30 FE 50 FF 40 04 FF FF DE FE 26 00 
7D 04 FF FF AA AA 26 FE CB FE 3E 04 FF FF AA AA 
3F FE 76 FE 42 04 FF FF AA AA 79 FE 19 FE 4D 04 
FF FF AA AA B3 FE E4 FD 67 04 FF FF AA AA FA FE 
BC FD 80 04 FF FF AA AA 51 FF AA FD 91 04 FF AA 
AA 93 FF B3 FD AC 04 FF FF AA AA BC FF BB FD B7 
04 FF FF FF AA AA CD FF C6 FD C1 04 FF FF AA AA 
CB FF D2 FD D3 04 AA AA CC FF CF FD CD 04 FF FF 
AA AA C7 FF CC FD CF 04 FF FF AA AA C5 FF CA FD 
C2 04 FF FF FF FF AA AA CD FF C8 FD D1 04 FF FF 
AA AA E1 FF D2 FD C6 04 FF FF AA AA EF FF DF FD 
D0 04 FF FF AA AA E9 FF E8 FD C6 04 FF FF AA AA 
FB FF E2 FD D0 04 FF FF AA AA 02 00 DC FD C0 04 
FF FF AA AA 15 00 C6 FD B7 04 FF FF AA AA 3C AA 
AA 82 00 AE FD 81 04 FF FF AA AA D5 00 BA FD 62 
04 FF FF 00 BA FD 62 04 FF FF AA AA 2B 01 DE FD 
3B 04 FF FF AA AA 8C 01 36 FE 11 04 FF FF AA AA 
C9 01 C7 FE E0 03 FF FF AA AA D5 01 59 FF B4 03 
FF FF AA AA B4 01 CD FF B2 03 FF FF AA AA 8A 01 
17 00 AC 03 FF FF AA AA 0E 01 8F 00 B1 03 FF FF 
AA AA C6 00 BF 00 A8 03 FF FF AA AA 4F 01 59 00 
A9 03 FF FF AA AA 84 00 E4 00 9D 03 FF FF AA AA 
69 00 E7 00 97 03 FF FF AA AA 60 00 E6 00 98 03 
FF FF AA AA 50 00 F0 00 A6 03 AA AA 2B 00 F5 00 
A1 03 FF FF AA AA 12 00 F5 00 B7 03 FF FF FF FF 
AA AA E3 FF FC 00 9B 03 FF FF AA AA D2 FF F9 00 
A7 03 FF FF AA AA A6 FF F6 00 AA 03 FF FF AA AA 
35 FF DB 00 C3 03 FF FF AA AA DE FE A0 00 E5 03 
FF FF AA AA 9C FE 54 00 06 04 FF AA AA 77 FE 0B 
00 29 04 FF FF AA AA 59 FE B0 FF 4B 04 FF FF FF 
AA AA 5D FE 58 FF 6E 04 FF FF AA AA 65 FE 0E AA 
AA 52 FE B6 FE 6E 04 FF FF AA AA 4D FE 92 FE 5D 
04 FF FF FE 5D 04 AA AA 5F FE 62 FE 6C 04 FF FF 
AA AA 82 FE 32 FE 6F 04 FF FF FF FF AA AA 5E FE 
DB FE 80 04 FF FF AA AA A6 FE 13 FE 7C 04 FF FF 
AA AA C9 FE FA FD 91 04 FF FF AA AA EC FE E4 FD 
97 04 FF FF AA AA 0E FF DD FD 9E 04 FF AA AA 43 
FF C9 FD B6 04 FF FF AA AA 8B FF C4 FD CB 04 FF 
FF FF AA AA C1 FF D2 FD D9 04 FF FF AA AA F0 FF 
E7 AA AA 1B 00 03 FE F2 04 FF FF AA AA 3E 00 23 
FE F2 04 FF FF FE F2 04 FF FF AA AA 6B 00 46 FE 
08 05 FF FF AA AA 98 00 6A FE 0B 05 FF FF AA AA 
BA 00 82 AA AA D6 00 9C FE F5 04 FF FF AA AA EC 
00 9D FE EA 04 FF FF FE F9 04 FF FF AA AA F5 00 
95 FE E2 04 FF FF AA AA F2 00 89 FE DA 04 FF FF 
AA AA 03 01 83 FE D0 04 FF FF AA AA 03 01 92 FE 
C9 04 FF FF AA AA 15 01 95 FE C0 04 FF FF AA AA 
0F 01 AA FE B9 04 FF FF AA AA 12 01 DE FE BF 04 
FF FF AA AA 33 AA AA 55 01 4A FF 80 04 FF FF AA 
AA 52 01 A6 FF 5C 04 FF FF 01 A6 FF 5C 04 FF FF 
AA AA 3C 01 F7 FF 39 04 FF FF AA AA 0F 01 3C 00 
22 04 FF FF AA AA E5 00 79 00 02 04 FF FF AA AA 
B9 00 97 00 FB 03 FF FF AA AA 8D 00 B3 00 F3 03 
FF FF AA AA 52 00 C9 00 E7 03 FF FF AA AA 13 00 
DC 00 E0 03 FF FF AA AA C9 FF E4 00 D8 03 FF FF 
AA AA 8D FF E4 00 E1 03 FF FF AA AA 75 FF D9 00 
E6 03 FF FF AA AA 68 FF D7 00 F4 03 FF AA AA 48 
FF CF 00 F9 03 FF FF AA AA 29 FF CD 00 F6 03 FF 
FF FF AA AA 1A FF CD 00 E9 03 FF FF AA AA 22 FF 
DA 00 D3 03 FF FF AA AA 20 FF E4 00 B9 03 FF FF 
AA AA FA FE E3 00 9B 03 FF FF AA AA EF FE E8 00 
89 03 FF FF AA AA D9 FE E4 00 74 03 FF FF AA AA 
D4 FE E4 00 45 03 FF FF AA AA B8 FE DE 00 23 03 
FF FF AA AA 93 FE C4 00 1D 03 FF FF AA AA 74 FE 
A9 00 27 03 FF FF AA AA AA 2A FE 5D 00 05 03 FF 
FF AA AA E8 FD F8 FF 05 AA AA D3 FD CB FF 1E 03 
FF FF AA AA C5 FD A6 FF 29 03 FF FF 03 FF FF AA 
63 FE AA AA B9 FD 3C FF 2F 03 FF FF AA AA B9 FD 
D1 FE 2C 03 FF FF A1 00 0F 03 FF FF AA AA C5 FD 
78 FE 42 03 FF FF AA AA D5 FD 3E FE 44 03 FF FF 
AA AA F3 FD 0D FE 6A 03 FF FF AA AA 0F FE E4 FD 
7F 03 FF FF AA AA 29 FE BD FD 9B 03 FF FF AA AA 
48 FE 99 FD BB 03 FF FF AA AA 67 FE 8A FD C6 03 
FF FF AA AA 8F FE 6F FD DF 03 FF FF AA AA B9 FE 
51 FD F2 03 FF FF AA AA D1 FE 48 FD FD 03 FF FF 
AA AA DA FE 3C FD EB 03 FF FF AA AA ED FE 29 FD 
D7 03 FF FF AA AA 12 FF 0D AA AA 55 FF EA FC 93 
03 FF FF AA AA B4 FF D1 FC 69 03 FF FF FF C3 03 
FF FF AA AA 10 00 CB FC 3F 03 FF FF AA AA 7B 00 
DD FC 1D 03 AA AA E8 00 02 FD F7 02 FF FF AA AA 
52 01 47 FD D0 02 FF FF FF FF AA AA 9D 01 90 FD 
BB 02 FF FF AA AA C1 01 BE AA AA D8 01 E6 FD BB 
02 FF FF AA AA F7 01 1C FE BC 02 FF FF FE BC 02 
FF FF AA AA 08 02 66 FE A6 02 FF FF AA AA 18 02 
B4 FE AB 02 FF FF AA AA 20 02 11 FF A3 02 FF FF 
AA AA 19 02 62 FF AB 02 FF AA AA 08 02 AC FF C5 
02 FF FF AA AA F8 01 D3 FF D5 02 FF FF AA AA E5 
01 04 00 F2 02 FF FF FF AA AA CB 01 33 00 09 03 
FF FF AA AA A9 01 61 00 1D 03 FF FF AA AA 84 01 
81 00 45 03 FF FF AA AA 5F 01 A0 00 67 03 FF FF 
AA AA 49 01 BA 00 6D 03 FF FF AA AA 48 01 BB 00 
65 03 FF FF AA AA 3A 01 C5 00 82 03 FF FF AA AA 
27 01 CC 00 AA AA 0F 01 D8 00 A9 03 FF FF AA AA 
ED 00 E1 00 D3 03 FF FF D3 03 FF FF AA AA DC 00 
E9 00 D4 03 FF FF AA AA C3 00 E9 00 E5 03 FF FF 
AA AA A2 00 E9 00 08 04 FF FF AA AA 81 00 DC 00 
35 04 FF FF AA AA 57 00 CB 00 62 04 FF FF AA AA 
24 00 B6 00 85 04 FF FF AA AA AA AA F6 FF 71 00 
D5 04 FF FF AA AA D6 FF 3B 00 FE 04 FF FF 06 AA 
AA A2 FF DF FF 27 05 FF FF AA AA 77 FF A4 FF 38 
05 FF FF 00 99 00 A8 04 FF FF AA AA 65 FF 97 FF 
31 05 FF FF AA AA 4E FF 90 FF 39 05 FF FF AA AA 
4F FF 8C FF 2C 05 FF FF AA AA 55 FF 93 FF 2D 05 
FF FF AA AA 77 FF 82 FF 39 05 FF FF AA AA 92 FF 
63 FF AA AA B9 FF 4C FF 47 05 FF FF AA AA D3 FF 
23 FF 47 05 FF FF 47 05 FF FF AA AA EE FF F5 FE 
43 05 FF FF AA AA 13 00 B6 FE 3F 05 FF FF AA AA 
16 00 83 FE 2E 05 FF FF AA AA FE FF 74 FE 2B 05 
FF FF AA AA F2 FF 5F FE 28 05 FF FF AA AA F7 FF 
3D FE 11 05 FF FF AA AA AA F6 FF EA FD EF 04 FF 
FF AA AA F9 FF C2 FD DA 04 FF FF AA F5 FF 14 FE 
0D 05 FF FF AA AA FE FF AB FD C3 04 FF FF AA AA 
E5 FF 8D FD B1 04 FF FF AA AA D4 FF 74 FD 92 04 
FF FF AA AA B7 FF 48 FD 56 04 FF FF AA AA 9F FF 
2A FD 37 04 FF FF AA AA 99 FF 0B FD 05 04 FF FF 
AA AA A5 FF E2 FC A0 03 FF FF AA AA CE FF C8 FC 
29 03 FF FF AA AA F1 FF D0 FC A6 02 FF FF AA AA 
1C 00 E5 FC 4C 02 FF FF AA AA 34 00 07 FD F4 01 
FF FF AA AA 56 00 36 AA AA 77 00 7C FD 5D 01 FF 
FF AA AA A6 00 E9 FD 14 01 FF FF AA AA D5 00 8E 
FE DB 00 FF FF FD AA AA 06 01 1F FF DD 00 FF FF 
AA AA 20 01 60 FF ED 00 FF FF ED 00 FF FF AA AA 
30 01 8E FF 05 01 FF FF AA AA 46 01 AD FF 13 01 
FF FF AA AA 5D 01 D7 FF 34 01 FF FF AA AA 73 01 
F1 FF 56 01 FF FF AA AA 87 01 15 00 7C 01 FF FF 
AA AA 9C 01 28 00 A6 01 FF AA AA B2 01 2A 00 C7 
01 FF FF AA AA C9 01 32 00 FA 01 FF FF FF AA AA 
DD 01 22 00 1D 02 FF FF AA AA E9 01 16 00 26 02 
FF FF AA AA F6 01 12 00 4B 02 FF FF AA AA 01 02 
0D 00 73 02 FF FF AA AA 0F 02 05 00 90 02 FF FF 
AA AA 14 02 F1 FF A5 02 FF FF AA AA 23 02 D8 FF 
BC 02 FF FF AA AA 2A 02 CD FF DC 02 FF FF AA AA 
AA 29 02 BC FF 1D 03 FF FF AA AA 27 02 BA FF 35 
03 FF FF AA 2D 02 BC FF 03 03 FF FF AA AA 19 02 
C5 FF 5A 03 FF FF AA AA 0B 02 CB FF 82 03 FF FF 
AA AA FE 01 D1 FF 96 03 FF FF AA AA F1 01 E5 FF 
B0 03 FF FF AA AA DB 01 EA FF BE 03 FF FF AA AA 
D2 01 DD FF EB 03 FF FF AA AA C2 01 D5 FF 0B 04 
FF FF AA AA 9E 01 EA FF 26 04 FF FF AA AA 82 01 
04 00 39 04 FF FF AA AA 65 01 04 00 56 04 FF FF 
AA AA 57 01 FE FF 68 04 FF FF AA AA 3A 01 17 00 
6E 04 FF FF AA AA 21 01 1B 00 8A 04 FF FF AA AA 
FC 00 25 AA AA D3 00 0D 00 BE 04 FF FF AA AA C1 
00 F2 FF D5 04 FF FF FF D5 04 FF FF AA AA E9 00 
1D 00 A1 04 AA AA 9A 00 D3 FF F2 04 FF FF AA AA 
72 00 85 FF 1E 05 FF FF FF FF AA AA 65 00 2E FF 
2C 05 FF FF AA AA 59 00 CA FE 2A 05 FF FF AA AA 
53 00 77 FE 1D 05 FF FF AA AA 4B 00 30 FE 0C 05 
FF FF AA AA 4B 00 DD FD E0 04 FF FF AA AA 4E 00 
8B FD 9D 04 FF FF AA AA 4E 00 3D FD 34 04 FF FF 
AA AA 54 00 FC FC CC 03 FF FF AA AA 4F 00 DF FC 
75 03 FF FF AA AA 42 00 D1 FC F6 02 FF AA AA 41 
00 D5 FC BB 02 FF FF AA AA 3F 00 E6 FC 8F 02 FF 
FF AA AA 31 00 F7 FC 3C FF 02 FF FF AA AA 31 00 
18 FD F8 01 FF FF AA AA 38 00 41 FD B2 01 FF FF 
AA AA 38 00 82 FD 5F 01 FF FF AA AA 41 00 C9 FD 
1E 01 FF FF AA AA 3B 00 FC FD 02 01 FF FF AA AA 
2E 00 0B FE 03 01 FF FF AA AA 11 00 30 FE E9 00 
FF FF AA AA 00 AA AA 05 00 5A FE D6 00 FF FF AA 
AA FA FF 7E FE CE 00 FF FF FF 7E FE CE 00 FF FF 
AA AA DA FF 95 FE C7 00 FF FF AA AA B1 FF 9F FE 
D5 00 FF FF AA AA 87 FF B1 FE D7 00 FF FF AA AA 
64 FF BA FE EC 00 FF AA AA 39 FF CB FE F3 00 FF 
FF AA AA 1C FF DC FE FD 00 FF FF FF AA AA 06 FF 
EA FE 04 01 FF FF AA AA FF FE 1B FF 0D 01 FF FF 
AA AA E9 FE AA AA CC FE C4 FF 3A 01 FF FF AA AA 
CA FE 00 00 61 01 FF FF 6F FF 1C 01 FF FF AA AA 
C1 FE 30 00 80 01 FF FF AA AA C1 FE 4B 00 9A 01 
FF FF AA AA C4 FE 66 00 AD 01 FF FF AA AA CC FE 
69 00 B2 01 FF FF AA AA CD FE 66 00 9D 01 FF FF 
AA AA D3 FE 4B 00 8F 01 FF FF AA AA DF FE 10 00 
5D 01 FF FF AA AA F0 FE 9E FF 1C 01 FF FF AA AA 
0D FF 19 FF 02 01 FF FF AA AA 20 FF BA FE 08 01 
FF FF AA AA 38 FF 5F FE 26 01 FF FF AA AA 43 FF 
0C FE 41 01 FF FF AA AA 53 FF CD FD 63 01 FF FF 
AA AA 71 FF 89 FD A3 01 FF FF AA AA B0 FF 35 FD 
0E 02 FF FF AA AA DB FF 0C FD 43 02 FF FF AA AA 
8C FF 56 FD D5 01 FF FF AA AA F9 FF 06 FD 52 02 
FF FF AA AA 1F 00 F7 FC A3 02 FF FF AA AA 2D 00 
E9 FC 1B 03 FF FF AA AA 47 00 EC FC 41 03 FF FF 
AA AA 66 00 F0 FC 41 03 FF FF AA AA 89 00 F2 FC 
3B 03 FF FF AA AA B0 00 FE FC 48 03 FF FF AA AA 
BE 00 F9 FC 37 03 FF FF AA AA BE 00 F1 FC 30 03 
FF FF AA AA BF 00 F0 FC 27 03 FF FF AA AA C6 00 
F0 FC 3D 03 FF FF AA AA C5 00 F3 FC AA AA D9 00 
FC FC 6F 03 FF FF AA AA F7 00 0B FD 79 03 FF FF 
79 03 FF FF AA AA 11 01 15 FD 62 03 FF FF AA AA 
1B 01 18 FD 68 03 FF FF AA AA 1E 01 21 FD AA AA 
0D 01 27 FD C3 03 FF FF AA AA ED 00 30 FD F5 03 
FF FF A1 03 FF FF AA AA 03 01 47 FD 13 04 FF FF 
AA AA 1A 01 65 FD 32 04 FF FF AA AA 07 01 71 FD 
49 04 FF FF AA AA 00 01 8F FD 7C 04 FF FF AA AA 
1C 01 D2 FD AD 04 FF FF AA AA 40 01 4D FE CC 04 
FF FF AA AA 55 01 C8 FE E2 04 FF FF AA AA 61 01 
45 FF DB 04 FF FF AA AA 6D 01 BA FF A6 04 FF FF 
AA AA 78 01 29 00 58 04 FF AA AA 77 01 90 00 E6 
03 FF FF AA AA 6A 01 DA 00 4A 03 FF FF FF AA AA 
52 01 FA 00 98 02 FF FF AA AA 37 01 E0 00 12 02 
FF AA AA 1C 01 65 00 55 01 FF FF AA AA 17 01 F4 
FF 00 01 FF FF FF AA AA 2C 01 B7 00 AF 01 FF FF 
AA AA 16 01 8B FF DA 00 FF FF AA AA 17 01 41 FF 
E0 00 FF FF AA AA 0D 01 0B FF D1 00 FF FF AA AA 
04 01 F2 FE D9 AA AA 00 01 EF FE CE 00 FF FF AA 
AA F7 00 F7 FE D9 00 FF FF 00 FF FF AA AA E3 00 
F0 FE D3 00 FF FF AA AA D0 00 F2 FE C5 00 FF FF 
AA AA B5 00 F1 FE CB 00 FF FF AA AA 9F 00 04 FF 
C1 00 FF FF AA AA 7F 00 FC FE BB 00 FF FF AA AA 
6C 00 D5 FE BF 00 FF FF AA AA 5B 00 C4 FE C9 00 
FF FF AA AA 5E 00 CE FE D4 00 FF FF AA AA 6D 00 
C4 FE D2 00 FF FF AA AA 84 00 B3 FE E7 00 FF FF 
AA AA 96 00 99 FE F1 00 FF FF AA AA 9E 00 6E FE 
FB 00 FF FF AA AA A4 00 49 FE 16 01 FF FF AA AA 
A9 00 30 FE 24 01 FF FF AA AA A3 00 17 FE 34 01 
FF FF AA AA 97 00 09 FE 34 01 FF FF AA AA 96 00 
F2 FD 3B 01 FF FF AA AA 90 00 D3 FD 4E 01 FF FF 
AA AA 86 00 AC FD 69 01 FF FF AA AA 6D 00 89 FD 
8D 01 FF FF AA AA 5C 00 7B FD 92 01 FF FF AA AA 
4F 00 7B FD 97 01 FF FF AA AA 3C 00 6B FD A2 01 
FF FF AA AA 1C 00 54 FD A8 01 FF FF AA AA FF FF 
4C FD C1 01 FF FF AA AA B7 FF 5A FD B0 01 FF FF 
AA AA 4C FF 90 FD A1 01 FF AA AA 94 FE 61 FE 7D 
01 FF FF AA AA 86 FE CF FE 53 01 FF FF FF AA AA 
D9 FE EA FD 8A 01 FF FF AA AA B3 FE 32 FF 2B 01 
FF FF AA AA 02 FF 74 FF 09 01 FF FF AA AA 4C FF 
92 FF F0 00 FF FF AA AA 8C FF 99 FF D8 00 FF FF 
AA AA AC FF 9B FF D5 00 FF FF AA AA B8 FF 94 FF 
CE 00 FF FF AA AA B0 FF A5 FF CC 00 FF FF AA AA 
AC FF A7 FF C7 AA AA BC FF A3 FF B9 00 FF FF AA 
AA D5 FF 8E FF BC 00 FF FF 00 FF FF AA AA C9 FF 
8B FF BD 00 FF FF AA AA CD FF 90 FF BB 00 FF FF 
AA AA E2 FF 98 FF B7 00 FF FF AA AA E2 FF 8F FF 
BF 00 FF FF AA AA CB FF 75 FF B2 00 FF FF AA AA 
B8 FF 62 FF BD 00 FF FF AA AA D3 FF 89 FF B1 00 
FF FF AA AA C6 FF 4E FF B4 00 FF FF AA AA D0 FF 
31 FF A8 00 FF FF AA AA C9 FF 2C FF AA 00 FF FF 
AA AA C3 FF 35 FF B7 00 FF FF AA AA BC FF 34 FF 
AD 00 FF FF AA AA B3 FF 33 FF B2 00 FF FF AA AA 
AB FF 20 FF B8 00 FF FF AA AA A2 FF 0F FF B8 00 
FF FF AA AA A7 FF 06 FF B5 00 FF FF AA AA B1 FF 
FA FE AD 00 FF FF AA AA C6 FF FF FE B3 00 FF FF 
AA AA D7 FF 1A FF B1 00 FF FF AA AA 02 00 2D FF 
AD 00 FF FF AA AA 1F 00 48 FF B6 00 FF FF AA AA 
3E 00 68 FF BD 00 FF FF AA AA 6A 00 82 FF D1 00 
FF FF AA AA A3 00 98 FF D1 00 FF FF AA AA D4 00 
9E FF E7 00 FF FF AA AA 07 01 A2 FF 02 01 FF FF 
AA AA 32 01 99 FF 0E 01 FF FF AA AA 57 01 93 FF 
2A 01 FF FF AA AA 76 01 7C FF 3E 01 FF FF AA AA 
8B 01 63 FF 5B 01 FF FF AA AA 9F 01 3A FF 56 01 
FF FF AA AA AF 01 06 FF 71 01 FF FF AA AA BC 01 
B4 FE 83 01 FF FF AA AA B3 01 5C FE A8 01 FF FF 
AA AA A0 01 01 FE D2 01 FF FF AA AA 75 01 B5 FD 
F0 01 AA AA 46 01 76 FD 1D 02 FF FF AA AA 14 01 
41 FD 30 02 FF FF FF FF AA AA E0 00 20 FD 31 02 
FF FF AA AA C1 00 12 FD 3F 02 FF FF AA AA AA 44 
00 FE FC 23 02 FF FF AA AA 87 FF 27 FD F1 01 FF 
FF AA 99 00 05 FD 37 02 FF FF AA AA D6 FE 93 FD 
CE 01 FF FF AA AA 72 FE 18 FE AB 01 FF FF AA AA 
5F FE 81 FE 75 01 FF FF AA AA 64 FE DD FE 5E 01 
FF AA AA 91 FE 37 FF 2A 01 FF FF AA AA C0 FE 76 
FF 04 01 FF FF FF AA AA ED FE 99 FF F5 00 FF FF 
AA AA 00 FF A7 FF EE 00 FF FF AA AA FF FE A4 FF 
F3 00 FF FF AA AA F2 FE A1 FF FD 00 FF FF AA AA 
F9 FE 9E FF F4 00 FF FF AA AA 0C FF 92 FF E3 00 
FF FF AA AA 22 FF 94 FF EC 00 FF FF AA AA 2D FF 
98 FF DF 00 FF FF AA AA 3C FF A1 FF DA 00 FF FF 
AA AA 31 FF 9C FF DE 00 FF FF DE 00 FF FF 38 FF 
9D FF D1 00 AA AA 2F FF 8A FF DC 00 FF FF AA AA 
30 FF 7B FF CD 00 FF FF AA AA 25 FF 63 FF D5 00 
FF FF AA AA 1F FF 57 FF DB 00 FF FF AA AA 1F FF 
58 FF D1 00 FF FF AA AA 43 FF 62 FF C1 00 FF FF 
AA AA 70 FF 6D FF BD 00 FF FF AA AA 7C FF 81 FF 
BD 00 FF FF AA AA 78 FF 8C FF BB 00 FF FF AA AA 
79 FF 8D FF B8 00 FF FF AA AA 85 FF A1 FF C1 00 
FF FF AA AA 8D FF B0 FF C3 00 FF FF AA AA 89 FF 
BA FF CA 00 FF FF AA AA 8F FF C0 FF C9 00 FF FF 
AA AA 9B FF C0 FF CA 00 FF FF AA AA B9 FF BA FF 
CD 00 FF FF AA AA DB FF BB FF BE 00 FF FF AA AA 
00 00 B0 FF BF 00 FF FF AA AA 29 00 96 FF B8 00 
FF FF AA AA 4A 00 86 FF BD 00 FF FF AA AA 6E 00 
6E FF AA AA 83 00 5A FF C1 00 FF FF AA AA 9A 00 
42 FF C3 00 FF FF C3 00 FF FF AA AA B8 00 24 FF 
D1 00 FF FF AA AA D2 00 00 FF D3 00 FF FF AA AA 
E6 00 D5 FE DE 00 FF FF AA AA EE 00 A0 FE FB 00 
FF FF AA AA E7 00 72 FE FE 00 FF FF AA AA D8 00 
53 FE FF 00 FF AA AA C4 00 3D FE 01 01 FF FF AA 
AA B5 00 25 FE 09 01 FF FF FF AA AA A1 00 17 FE 
03 01 FF FF AA AA 5D 00 0A FE FE 00 FF AA AA E0 
FF 71 FE C9 00 FF FF AA AA A9 FF B9 FE BB 00 FF 
FF FF AA AA 20 00 2E FE E1 00 FF FF AA AA 78 FF 
D5 FE BE 00 FF FF AA AA 6F FF E6 FE B9 00 FF FF 
AA AA 7C FF E3 FE B8 00 FF FF AA AA 81 FF DD FE 
B2 00 AA AA 7E FF DF FE B6 00 FF FF AA AA 6F FF 
CC FE BF 00 FF FF FF FF AA AA 6F FF C8 FE B8 00 
FF FF AA AA 6D FF CD FE B7 00 FF FF AA AA 6A FF 
D1 FE B0 00 FF FF AA AA 70 FF C2 FE BD 00 FF FF 
AA AA 82 FF C7 FE C0 00 FF FF AA AA 9A FF C0 FE 
BA 00 FF FF AA AA B1 FF D2 FE AB 00 FF FF AA AA 
C0 FF E9 FE A2 00 FF FF AA AA C8 FF F7 FE 9D 00 
FF FF AA AA D6 FF FE FE A3 00 FF FF AA AA F4 FF 
17 FF A8 00 FF FF AA AA 11 00 28 FF A2 00 FF FF 
AA AA 0C 00 2B FF 96 00 FF FF AA AA 01 00 20 FF 
A5 00 FF FF AA AA F9 FF 14 FF 99 00 FF FF AA AA 
01 00 0A FF 9E 00 FF FF AA AA F9 FF 06 FF 9E 00 
FF FF AA AA D9 FF 04 FF A4 00 FF FF AA AA B7 FF 
03 FF A4 00 FF AA AA 96 FF FB FE 9F 00 FF FF AA 
AA 76 FF EC FE AD 00 FF FF FF AA AA 53 FF F9 FE 
B5 00 FF FF AA AA 30 FF 1E FF C3 00 FF FF AA AA 
1D FF 45 FF CB 00 FF FF AA AA 18 FF 6C FF D0 00 
FF FF AA AA 1D FF 98 FF D0 00 FF FF AA AA 2E FF 
BF FF D7 00 FF FF AA AA 3A FF E5 FF E3 00 FF FF 
AA AA 58 FF 10 00 E7 00 FF FF AA AA 7B FF 3D 00 
F5 00 FF FF AA AA 9E FF 5B 00 06 01 FF FF AA AA 
AA AA 9C FF 54 00 FA 00 FF FF AA AA A7 FF 63 00 
F7 00 FF FF A7 FF 63 00 F7 00 FF FF AA AA AD FF 
63 00 FA 00 FF FF AA AA B5 FF 61 00 02 01 FF FF 
AA AA C6 FF 70 00 07 01 FF FF AA AA CA FF 71 00 
06 01 FF FF AA AA D7 FF 74 00 0E 01 FF FF AA AA 
DD FF 72 00 0B 01 FF AA AA E1 FF 80 00 16 01 FF 
FF AA AA E5 FF 89 00 18 01 FF FF FF AA AA E5 FF 
8C 00 1E 01 FF FF AA AA 06 00 88 00 15 AA AA 3E 
00 54 00 FA 00 FF FF AA AA 78 00 F1 FF D2 00 FF 
FF AA AA 84 00 A1 FF C0 00 FF FF 00 FF AA AA 7E 
00 73 FF C1 00 FF FF AA AA 74 00 5C FF B3 00 FF 
FF FF AA AA 70 00 44 FF A9 00 FF FF AA AA 59 00 
2D AA AA 3B 00 30 FF A9 00 FF FF AA AA 29 00 50 
FF A1 00 FF FF FF A1 00 FF FF AA AA 20 00 65 FF 
A0 00 FF FF AA AA 2E 00 4F FF B4 00 FF FF AA AA 
37 00 50 FF AA 00 FF FF AA AA 20 00 51 FF A5 00 
FF FF AA AA 09 00 58 FF AB 00 FF FF AA AA EE FF 
5C FF A2 00 FF FF AA AA E9 FF 52 FF A6 00 FF FF 
AA AA E0 FF 47 FF AB AA AA DE FF 4E FF AC 00 FF 
FF AA AA DF FF 59 FF A4 00 FF FF AA AA DE FF 68 
FF AC 00 FF FF 00 FF FF AA AA F1 FF 62 FF A6 00 
FF FF AA AA 07 00 5E FF A9 00 FF FF AA AA 18 00 
59 FF AE 00 FF FF AA AA 26 00 53 FF AB 00 FF FF 
AA AA 2D 00 51 FF AA 00 FF FF AA AA 39 00 49 FF 
B0 00 FF FF AA AA 4D 00 38 FF A9 00 FF FF AA AA 
56 00 34 FF A8 00 FF FF AA AA 59 00 35 FF AC 00 
FF FF AA AA 55 00 33 FF AD 00 FF FF AA AA 4C 00 
33 FF A2 00 FF FF AA AA 52 00 32 FF A8 00 FF FF 
AA AA 51 00 26 FF AA 00 FF FF AA AA 53 00 1F FF 
AE 00 AA AA 59 00 15 FF B3 00 FF FF AA AA 6A 00 
F4 FE B1 00 FF FF FF FF AA AA 7B 00 D6 FE B7 00 
FF FF AA AA 87 00 B2 FE AA AA 8E 00 89 FE D0 00 
FF FF AA AA 82 00 67 FE DD 00 FF FF DD 00 FF FF 
AA AA 85 00 9E FE D6 00 FF AA AA 75 00 53 FE E3 
00 FF FF AA AA 59 00 32 FE E4 00 FF FF FF AA AA 
41 00 1A FE F2 00 FF FF AA AA 29 00 0C FE F3 00 
FF FF AA AA 00 00 FC FD 00 01 FF FF AA AA DA FF 
FC FD 02 01 FF FF AA AA A7 FF 19 FE F6 00 FF FF 
AA AA 77 FF 4D FE E9 00 FF AA AA 45 FF 93 FE DF 
00 FF FF AA AA 21 FF ED FE E6 00 FF FF FF AA AA 
17 FF 40 FF D7 00 FF FF AA AA 16 FF 63 FF DC AA 
AA 2D FF 75 FF C5 00 FF FF AA AA 47 FF 6B FF C1 
00 FF FF AA AA 57 FF 51 FF B5 00 FF FF 00 FF AA 
AA 5F FF 29 FF B6 00 FF FF AA AA 72 FF 31 FF BE 
00 FF FF FF AA AA 7D FF 2F FF B3 00 FF FF AA AA 
98 FF 21 FF AF 00 FF AA AA AD FF 0B FF B4 00 FF 
FF AA AA B2 FF F5 FE A7 00 FF FF FF AA AA B5 FF 
EF FE B0 00 FF FF AA AA B0 FF EB FE A8 00 FF AA 
AA B4 FF DC FE AE 00 FF FF AA AA BC FF C8 FE AF 
00 FF FF FF AA AA B0 FF D4 FE B0 00 FF FF AA AA 
8A FF EF FE B4 00 FF FF AA AA 66 FF 14 FF B5 00 
FF FF AA AA 57 FF 29 FF BF 00 FF FF AA AA 5D FF 
3E FF B6 00 FF FF AA AA 79 FF 7B FF B4 00 FF FF 
AA AA A0 FF CE FF BF 00 FF FF AA AA D8 FF 1E 00 
DD 00 FF FF AA AA AA AA 34 00 6A 00 0F 01 FF FF 
AA AA 44 00 7A 00 0F 01 FF FF 18 00 4F 00 F2 00 
FF FF AA AA 55 00 84 00 1F 01 FF FF AA AA 63 00 
82 00 22 01 FF FF AA AA 85 00 81 00 27 01 FF FF 
AA AA A0 00 87 00 3A 01 FF FF AA AA B6 00 8F 00 
3B 01 FF FF AA AA E1 00 7E 00 4B 01 FF FF AA AA 
2C 01 5C 00 66 01 FF FF AA AA 74 01 2C 00 72 01 
FF FF AA AA 97 01 04 00 88 01 FF FF AA AA A2 01 
0B 00 94 01 FF AA AA 96 01 2A 00 9D 01 FF FF AA 
AA 8F 01 45 00 BB 01 FF FF FF AA AA 91 01 50 00 
C6 01 FF FF AA AA 8F 01 5E 00 EA 01 FF FF AA AA 
89 AA AA 73 01 81 00 F7 01 FF FF AA AA 69 01 92 
00 FC 01 FF FF 01 6F 00 E8 01 FF FF AA AA 42 01 
C0 00 08 02 FF FF AA AA 0B 01 EB 00 18 02 FF FF 
AA AA D7 00 05 01 21 02 FF FF AA AA 9F 00 19 01 
1F 02 FF FF AA AA 49 00 2D 01 27 02 FF FF AA AA 
F0 FF 36 01 28 02 FF FF AA AA 9B FF 30 01 22 02 
FF FF AA AA 53 FF 1F 01 17 02 FF AA AA 1A FF FF 
00 16 02 FF FF AA AA F8 FE EC 00 09 02 FF FF FF 
AA AA E4 FE D8 00 06 02 FF FF AA AA CD FE CF 00 
03 02 FF AA AA C6 FE CF 00 0A 02 FF FF AA AA C4 
FE D7 00 11 02 FF FF FF AA AA D0 FE E1 00 1A 02 
FF FF AA AA 0E FF 19 01 5E 02 FF FF AA AA 2D FF 
27 01 64 02 FF FF AA AA 2D FF AA AA 57 FF 36 01 
72 02 FF FF AA AA A5 FF 45 01 75 02 FF FF 45 01 
75 02 FF FF AA AA FC FE 07 01 AA AA 0E 00 41 01 
5E 02 FF FF AA AA 4B 00 38 01 55 02 FF FF 4B 02 
FF FF AA AA 7E 00 2E 01 72 02 FF FF AA AA C4 00 
14 01 5B 02 FF FF AA AA F9 00 FB 00 55 02 FF FF 
AA AA FC 00 F6 00 44 02 FF AA AA FA 00 F7 00 4A 
02 FF FF AA AA 14 01 FD 00 89 02 FF FF FF AA AA 
1E 01 F4 00 00 03 FF FF AA AA 2A 01 CD 00 91 03 
FF FF AA AA 25 01 75 00 1E 04 FF FF AA AA 30 01 
09 AA AA 48 01 24 FF CB 04 FF FF AA AA 4C 01 94 
FE B9 04 FF FF FE B9 04 FF FF AA AA 38 01 9F FF 
B1 AA AA 50 01 06 FE 81 04 FF FF AA AA 60 01 BA 
FD 3C 04 FF FF 04 FF FF AA AA 55 01 65 FD D5 03 
FF FF AA AA 4C 01 3D FD 95 AA AA 49 01 34 FD 76 
03 FF FF AA AA 4A 01 2B FD 6B 03 FF FF 03 FF FF 
AA AA 46 01 24 FD 3B 03 FF FF AA AA 3A 01 16 FD 
2B 03 FF FF AA AA 28 01 13 FD 0A 03 FF FF AA AA 
2E 01 13 FD F0 02 FF FF AA AA 38 01 13 FD D4 02 
FF FF AA AA 3B 01 1A FD CB 02 FF FF AA AA 4F 01 
23 FD E5 02 FF FF AA AA 69 01 33 FD 18 03 FF FF 
AA AA 7B 01 49 FD 2D 03 FF FF AA AA 86 01 53 FD 
25 03 FF FF AA AA 8D 01 55 FD 18 03 FF FF AA AA 
9A 01 64 FD 12 03 FF FF AA AA A0 01 60 FD FA 02 
FF FF AA AA 9B 01 5D FD D7 02 FF FF AA AA 7D 01 
53 FD 7A 02 FF FF AA AA 4A 01 57 FD 27 02 FF FF 
AA AA 38 01 64 FD F1 01 FF FF AA AA 2F 01 68 FD 
DC 01 FF FF AA AA 18 01 6B FD CB 01 FF FF AA AA 
03 01 7E FD A2 01 FF FF AA AA E6 00 9B FD 80 01 
FF FF AA AA C9 00 B7 FD 45 01 FF FF AA AA AD 00 
D4 FD 30 01 FF FF AA AA 8C 00 E8 FD 13 01 FF FF 
AA AA 6A 00 00 FE 02 01 FF AA AA 2C 00 1E FE EE 
00 FF FF AA AA 33 00 1D FE F2 00 FF FF AA AA 1F 
00 12 FE E9 00 FF FF FF AA AA F0 FF 36 FE D1 00 
FF FF AA AA BE FF 61 FE D5 00 FF FF AA AA B3 FF 
A8 FE BF 00 FF FF AA AA B3 FF D0 FE B9 00 FF FF 
AA AA A6 FF 11 FF AB 00 FF FF AA AA 92 FF 71 FF 
B6 00 FF FF AA AA 93 FF B8 FF C1 00 FF FF AA AA 
8F FF 04 00 E0 00 FF FF AA AA AC FF 69 00 0B 01 
FF FF AA AA E6 FF 9C 00 20 01 FF FF AA AA 3B 00 
B1 00 3A 01 FF FF AA AA 87 00 A9 00 54 01 FF FF 
AA AA D4 00 9E 00 62 01 FF FF AA AA FE 00 9D 00 
88 01 FF FF AA AA F9 00 A9 00 9D 01 FF FF AA AA 
E5 00 B4 00 9D 01 FF FF AA 01 FF FF AA AA DC 00 
BE 00 AD 01 FF FF AA AA E4 00 B5 00 AA 01 FF FF 
FF FF 00 BE 00 AC AA AA E4 00 B7 00 A4 01 FF FF 
AA AA FC 00 AC 00 A2 01 FF FF AA AA 14 01 9A 00 
9E 01 FF FF AA AA 19 01 91 00 96 01 FF FF AA AA 
2E 01 79 00 97 01 FF FF AA AA 34 01 77 00 8D 01 
FF FF AA AA 30 01 71 00 89 01 FF FF AA AA 22 01 
67 00 79 01 FF FF AA AA 19 01 69 00 7B 01 FF FF 
AA AA 1B 01 85 00 93 01 FF FF AA AA 23 01 92 00 
B2 01 FF FF AA AA 34 01 AA 00 E4 01 FF FF AA AA 
33 01 BA 00 0C 02 FF FF AA AA 3B 01 C9 00 3E 02 
FF FF AA AA 42 01 D0 00 90 02 FF FF AA AA 3E 01 
DB 00 C8 02 FF FF AA AA 3B 01 D6 00 02 03 FF FF 
AA AA 3C 01 D5 00 1C 03 FF FF AA AA 45 01 C3 00 
4F 03 FF FF AA AA 56 01 9E 00 92 03 FF FF AA AA 
66 01 59 00 EF 03 FF FF AA AA 72 01 EC FF 44 04 
FF FF AA AA 70 01 71 FF 7F 04 FF FF AA AA 73 01 
F4 FE 9E 04 FF FF AA AA 67 01 AA AA 5D 01 31 FE 
84 04 FF FF AA AA 45 01 CF FD 4E 04 FF FF CF FD 
4E 04 FF FF AA AA 26 01 79 FD 16 04 FF FF AA AA 
0D 01 4F FD E8 03 FF FF AA AA 0C 01 39 FD C6 03 
FF FF AA AA FD 00 1F FD 9A 03 AA AA 00 01 19 FD 
92 03 FF FF AA AA 13 01 1F FD 75 03 FF FF AA AA 
FF FF 30 01 2C FD 6F 03 FF FF AA AA 50 01 3E FD 
7A 03 FF FF AA AA 67 01 51 FD 6B 03 FF FF AA AA 
7A 01 55 FD 56 03 FF FF AA AA 7C 01 53 FD 1E 03 
FF FF AA AA 93 01 66 FD FE 02 FF FF AA AA A3 01 
72 FD E1 02 FF FF AA AA B2 01 88 FD C0 02 FF FF 
AA AA C0 01 9C FD B0 02 FF FF AA AA D3 01 BA FD 
9F 02 FF FF AA AA D9 01 C6 FD A2 02 FF FF AA AA 
DD 01 C6 FD 97 02 FF FF AA AA CD 01 B2 FD 9C 02 
FF FF AA AA BC 01 99 FD A0 02 FF FF AA AA BC 01 
A2 FD A1 02 FF FF AA AA BC 01 A4 FD 99 02 FF FF 
AA AA C6 01 A9 FD 98 02 FF FF AA AA C7 01 B4 FD 
81 02 FF FF AA AA BC 01 BB FD 51 02 FF FF AA AA 
A3 01 C1 FD 0D 02 FF FF AA AA 86 01 CF FD D7 01 
FF FF AA AA 6A 01 FE FD 86 01 FF FF AA AA 4C 01 
3D FE 48 01 FF FF AA AA 39 01 94 FE 20 01 FF FF 
AA AA 30 01 F0 FE FA 00 FF FF AA AA 14 01 4A FF 
F7 00 FF FF AA AA 00 01 A8 FF FE 00 FF FF AA AA 
F2 00 05 00 14 01 FF FF AA AA EE 00 41 00 3E 01 
FF FF AA AA F0 00 4C 00 3B 01 FF FF AA AA F3 00 
35 00 2C 01 FF FF AA AA F2 00 30 00 30 01 FF FF 
AA AA F5 00 3B 00 34 01 FF FF AA AA FC 00 49 00 
44 01 FF AA AA 17 01 4D 00 55 01 FF FF AA AA 54 
01 28 00 62 01 FF FF AA AA 92 01 E7 FF 73 01 FF 
FF FF AA AA AC 01 A1 FF 70 01 FF FF AA AA B1 01 
64 FF 61 01 FF FF AA AA A9 01 37 FF 4C 01 FF FF 
AA AA A1 01 11 FF 3C 01 FF FF AA AA 94 01 04 FF 
44 01 FF FF AA AA 81 01 0A FF 2A 01 FF FF AA AA 
73 01 2C FF 19 01 FF FF AA AA 64 01 52 FF 1A 01 
FF AA AA 65 01 4B FF 17 01 FF FF AA AA 53 01 38 
FF 06 01 FF FF FF AA AA 30 01 3B FF F2 00 FF FF 
AA AA 0C 01 48 FF DE 00 FF AA AA F7 00 3F FF D3 
00 FF FF AA AA E6 00 36 FF D1 00 FF FF FF AA AA 
E2 00 1F FF C6 00 FF FF AA AA C3 00 0D FF C0 00 
FF FF AA AA A3 00 02 FF BF 00 FF FF AA AA 98 00 
13 FF BB 00 FF FF AA AA A1 00 1D FF BD 00 FF FF 
AA AA B1 00 1F FF BF 00 FF FF AA AA CD 00 10 FF 
D6 00 FF FF AA AA E4 00 07 FF DA 00 FF FF AA AA 
05 01 EE AA AA 1E 01 C2 FE FB 00 FF FF AA AA 33 
01 8B FE 17 01 FF FF FE 17 01 FF FF AA AA 3C 01 
6C FE 2A 01 FF FF AA AA 34 01 3C FE 36 01 FF FF 
AA AA 2D 01 10 FE 4C 01 FF FF AA AA 12 01 D2 FD 
66 01 FF FF AA AA D5 00 90 FD 75 01 FF FF AA AA 
90 00 6B FD 87 01 FF FF AA AA 5B 00 5D FD 7E 01 
FF FF AA AA 38 00 5D FD 73 01 FF FF AA AA 0A 00 
5E FD 74 01 FF FF AA AA D9 FF 60 FD 6E 01 FF FF 
AA AA B6 FF 70 FD 60 01 FF FF AA AA 8A FF 80 FD 
58 01 FF FF AA AA 6D FF 9E FD 40 01 FF FF AA AA 
58 FF C1 FD 28 01 FF FF AA AA 62 FF D0 FD AA AA 
69 FF EF FD 0D 01 FF FF AA AA 66 FF 15 FE F0 00 
FF FF F0 00 FF FF AA AA 7E FF 3A FE D4 00 FF FF 
AA AA 8D FF 5B FE CB 00 FF FF AA AA 8C FF 7A FE 
C4 00 FF FF AA AA 72 FF 94 FE BC 00 FF FF AA AA 
67 FF BA FE B7 00 FF FF AA AA 68 FF CD FE B6 00 
FF FF AA AA 6F FF E0 FE B8 00 FF FF AA AA 7B FF 
07 FF AD 00 FF FF AA AA 96 FF 20 FF AC 00 FF FF 
AA AA A8 FF 40 FF B2 00 FF FF AA AA 89 FF 5A FF 
B6 00 FF FF AA AA 6E FF 6A FF C4 00 FF FF AA AA 
B0 FF 84 FF BC 00 FF FF AA AA 02 00 88 FF BE 00 
FF FF AA AA 82 FF 79 FF C6 00 FF FF AA AA 50 00 
AF FF C3 00 FF FF AA AA 90 00 EC FF E0 00 FF FF 
AA AA 9F 00 25 00 FE 00 FF FF AA AA A0 00 42 00 
13 01 FF AA AA BB 00 45 00 2A 01 FF FF AA AA DF 
00 4B 00 3B 01 FF FF FF AA AA EC 00 6C 00 5C 01 
FF FF AA AA DB 00 93 00 70 01 FF FF AA AA F8 00 
AF 00 AB 01 FF FF AA AA 0F 01 BD 00 E3 01 FF FF 
AA AA 30 01 C3 00 19 02 FF FF AA AA 49 01 BE 00 
3D 02 FF FF AA AA 6B 01 B3 00 6D 02 FF FF AA AA 
93 01 9B 00 8E 02 FF FF AA AA AC 01 80 00 B1 02 
FF FF AA AA C4 01 65 00 D8 02 FF FF AA AA CC 01 
58 00 E4 02 FF FF AA AA C8 01 61 00 DF 02 FF FF 
AA AA BB 01 70 00 D8 02 FF FF AA AA BC 01 72 00 
D3 02 FF FF AA AA C4 01 67 00 F3 02 FF FF AA AA 
BC 01 64 00 09 03 FF FF AA AA C1 01 5D 00 1A 03 
FF FF AA AA CD 01 44 00 37 03 FF FF AA AA D8 01 
2A 00 61 03 FF FF AA AA D8 01 0F 00 78 03 FF FF 
AA AA DC 01 FF FF 89 03 FF FF AA AA E3 01 E4 FF 
94 03 FF FF AA AA EB 01 CA FF 9F 03 FF FF AA AA 
F1 01 BA FF AF 03 FF FF AA AA EE 01 B4 FF A8 03 
FF FF AA AA F2 01 AB FF B3 03 FF FF AA AA EF 01 
B1 FF C0 AA AA CC 01 B6 FF FB 03 FF FF AA AA CE 
01 96 FF 14 04 FF FF 04 FF FF AA AA DB 01 BD FF 
DA 03 FF AA AA CD 01 75 FF 1B 04 FF FF AA AA C9 
01 72 FF 1E 04 FF FF FF AA AA C9 01 78 FF 2A 04 
FF FF AA AA CA 01 78 FF 20 04 FF FF AA AA D3 01 
83 FF 0A 04 FF FF AA AA D9 01 9D FF FA 03 FF FF 
AA AA E2 01 E3 FF BC 03 FF FF AA AA C5 01 4A 00 
3F 03 FF FF AA AA 7F 01 AD 00 A5 02 FF FF AA AA 
3C 01 D0 00 49 02 FF FF AA AA 1D 01 D9 00 1A 02 
FF FF AA AA FF 00 D2 00 EC 01 FF FF AA AA E7 00 
BF 00 AB 01 FF FF AA AA C8 00 A5 00 6E 01 AA AA 
9C 00 7A 00 3D 01 FF FF AA AA 88 00 65 00 23 01 
FF FF FF FF AA AA B0 00 8C 00 4D 01 AA AA 7F 00 
4F 00 03 01 FF FF AA AA 66 00 36 00 F4 00 FF FF 
FF FF AA AA 54 00 15 00 E2 00 FF FF AA AA 31 00 
06 00 D1 00 FF AA AA 0F 00 FE FF C9 00 FF FF AA 
AA 07 00 CF FF B8 00 FF FF FF AA AA 12 00 A1 FF 
B8 00 FF FF AA AA 24 00 56 FF B4 00 FF AA AA 44 
00 02 FF AD 00 FF FF AA AA 62 00 C2 FE B5 00 FF 
FF FF AA AA 7E 00 A1 FE BE 00 FF FF AA AA A1 00 
73 FE D4 00 FF FF AA AA D0 00 42 FE 06 01 FF FF 
AA AA FB 00 0A FE 2F 01 FF FF AA AA 0E 01 C8 FD 
74 01 FF FF AA AA 1A 01 AE FD 9A 01 FF FF AA AA 
18 01 88 FD CD 01 FF AA AA 0E 01 61 FD 06 02 FF 
FF AA AA FD 00 4D FD 15 02 FF FF FF AA AA 08 01 
4D FD 1C 02 FF FF AA AA 28 01 6B FD 0B 02 FF AA 
AA 59 01 96 FD F9 01 FF FF AA AA 7A 01 B4 FD F4 
01 FF FF FF AA AA 87 01 B8 FD FB 01 FF FF AA AA 
8B 01 BC FD 18 02 FF FF AA AA 95 01 AC FD 35 02 
FF FF AA AA 9D 01 90 FD 6B 02 FF FF AA AA 96 01 
77 FD AB 02 FF FF AA AA 90 01 63 FD 06 03 FF FF 
AA AA 86 01 66 FD 36 03 FF FF AA AA 9A 01 70 FD 
4E 03 FF FF AA AA A2 01 80 FD 5D 03 FF FF AA AA 
9F 01 8C FD 85 03 AA AA B2 01 BB FD BE 03 FF FF 
AA AA BC 01 D9 FD C9 03 FF FF FF FF AA AA A6 01 
A5 FD A9 03 AA AA D0 01 F2 FD C8 03 FF FF AA AA 
EE 01 0D FE AA 03 FF FF FF FF AA AA F8 01 1F FE 
8A 03 FF FF AA AA 0D 02 29 FE 6B 03 FF FF AA AA 
0D 02 2B FE 50 03 FF FF AA AA 16 02 35 FE 55 03 
FF FF AA AA 12 02 3B FE 55 03 FF FF AA AA 10 02 
36 FE 4E 03 FF FF AA AA 11 02 33 FE 3F 03 FF FF 
AA AA 14 02 36 FE 3F 03 FF FF AA AA 11 02 3F FE 
3B 03 FF FF AA AA 17 02 57 FE 35 03 FF FF AA AA 
1A 02 60 FE 30 03 FF FF AA AA 1D 02 81 FE 39 03 
FF AA AA 1E 02 A5 FE 3E 03 FF FF AA AA 21 02 C8 
FE 3E 03 FF FF 03 FF FF AA 1E 02 90 FE 3A AA AA 
23 02 00 FF 39 03 FF FF AA AA 17 02 39 FF 41 03 
FF FF 03 FF AA AA 0A 02 81 FF 3E 03 FF FF AA AA 
F5 01 C8 FF 22 03 FF FF AA AA D4 01 16 00 F0 02 
FF FF AA AA B1 01 47 00 C2 02 FF FF AA AA 8C 01 
69 00 85 02 FF FF AA AA 64 01 7E 00 4F 02 FF AA 
AA 30 01 94 00 18 02 FF FF AA AA EB 00 9F 00 D0 
01 FF FF FF AA AA B1 00 9E 00 A1 01 FF FF AA AA 
84 00 9F 00 81 01 FF FF AA AA 56 00 91 00 69 01 
FF FF AA AA 0B 00 77 00 42 01 FF FF AA AA B0 FF 
41 00 1A 01 FF FF AA AA 66 FF 1D 00 14 01 FF FF 
AA AA 40 FF 0C AA AA 32 FF FF FF 0E 01 FF FF AA 
AA 06 FF C6 FF 05 01 FF FF 00 15 01 FF FF AA AA 
D6 FE 7F FF 11 01 FF FF AA AA B9 FE 4B FF 1C 01 
FF FF AA AA BA FE 2E FF 11 01 FF FF AA AA B4 FE 
20 FF 1D 01 FF FF AA AA AD FE 0A FF 20 01 FF FF 
AA AA C4 FE E2 FE 11 01 FF FF AA AA FC FE B7 FE 
F6 00 FF FF AA AA 33 FF 89 FE F3 00 FF FF AA AA 
64 FF 57 FE F4 00 FF FF AA AA 83 FF 32 FE F6 AA 
AA A5 FF 0B FE 0B 01 FF FF AA AA CF FF FA FD 18 
01 FF FF 01 FF FF AA AA 06 00 EF FD 18 01 FF FF 
AA AA 1C 00 E9 FD 26 01 FF FF AA AA 38 00 E7 FD 
2D 01 FF AA AA 51 00 E8 FD 2D 01 FF FF AA AA 66 
00 E9 FD 35 01 FF FF FF AA AA 83 00 EF FD 3A 01 
FF FF AA AA A6 00 00 FE 42 01 FF FF AA AA C3 00 
0E FE 37 01 FF FF AA AA D6 00 1D FE 3C 01 FF FF 
AA AA D6 00 22 FE 38 01 FF FF AA AA E3 00 2E FE 
3F 01 AA AA E4 00 36 FE 3A 01 FF FF AA AA D3 00 
30 FE 35 01 FF FF FF FF AA AA CB 00 40 FE 26 01 
FF FF AA AA BA 00 55 FE AA AA 9C 00 4E FE 10 01 
FF FF AA AA 88 00 43 FE 0B 01 FF FF 0B 01 FF FF 
AA AA 8F 00 64 FE 00 01 FF FF AA AA 82 00 61 FE 
F7 00 FF FF AA AA 78 00 78 FE F1 00 FF FF AA AA 
6C 00 88 FE DF 00 FF FF AA AA 4C 00 87 FE E0 00 
FF FF AA AA 0C 00 86 FE DC 00 FF FF AA AA 63 00 
7B FE E2 00 FF FF AA AA C8 FF 89 FE E5 00 FF FF 
AA AA 93 FF 7D FE EE 00 FF FF AA AA 87 FF 6F FE 
F4 00 FF FF AA AA 91 FF 5B AA AA BE FF 48 FE FF 
00 FF FF AA AA F5 FF 45 FE FA 00 FF FF FE FA 00 
FF FF AA AA 1D 00 56 FE F4 00 FF FF AA AA 3E 00 
6A FE EF 00 FF FF AA AA 64 00 85 FE EE 00 FF FF 
AA AA 76 00 BA FE EE 00 FF FF AA AA 7F 00 FA FE 
E8 00 FF FF AA AA 69 AA AA 52 00 68 FF DF 00 FF 
FF AA AA 31 00 95 FF E3 00 FF FF AA AA 14 00 C0 
FF E5 00 FF FF 00 AA AA E2 FF E5 FF FD 00 FF FF 
AA AA B1 FF F4 FF 0B 01 FF FF F4 FF 0B 01 FF FF 
AA AA 87 FF FC FF 14 01 FF FF AA AA 4E FF F2 FF 
11 01 FF FF AA AA 39 FF F1 FF 20 01 FF FF AA AA 
2B FF DA FF 1E 01 FF FF AA AA 2F FF BF FF 12 01 
FF FF AA AA 3E FF AD FF 08 01 FF FF AA AA 58 FF 
A6 FF F0 00 FF FF AA AA 62 FF 93 FF F5 00 FF FF 
AA AA 65 FF 68 FF F0 00 FF FF AA AA 71 FF F1 FE 
DB 00 FF FF AA AA C1 FF 4B FE F7 00 FF FF AA AA 
15 00 D8 FD 43 01 FF FF AA AA 5D 00 91 FD 8B 01 
FF FF AA AA 91 00 62 FD DF 01 FF FF AA AA DA 00 
48 FD 31 02 FF FF AA AA 1F 01 56 FD 8E 02 FF FF 
AA AA 47 01 6B FD B2 02 FF FF AA AA 49 01 71 FD 
AC 02 FF FF AA AA 51 01 73 FD 9F 02 FF FF AA AA 
77 01 93 FD 98 02 FF FF AA AA 85 01 9F FD 98 02 
FF FF AA AA 7B 01 92 FD 8F 02 FF FF AA AA 7F 01 
99 FD A7 02 FF FF AA AA 9D 01 B9 FD BB 02 FF FF 
AA AA A6 01 BE FD DF 02 FF FF AA AA 9A 01 AE FD 
EE 02 FF FF AA AA 96 01 A4 FD EB 02 FF FF AA AA 
9E 01 B2 FD F7 02 FF FF AA AA AF 01 C9 FD 12 03 
FF FF AA AA C2 01 DB FD 05 03 FF FF AA AA C7 01 
EA FD 21 03 FF AA AA CC 01 F6 FD 32 03 FF FF AA 
AA CD 01 01 FE 4E 03 FF FF AA AA CC 01 08 FE 6B 
03 FF FF FF AA AA C0 01 19 FE 9F 03 FF FF AA AA 
C5 01 36 FE C1 03 FF FF AA AA C6 01 53 FE DD 03 
FF FF AA AA C0 01 71 FE E2 03 FF AA AA C0 01 7B 
FE F4 03 FF FF AA AA B6 01 86 FE 0C 04 FF FF FF 
AA AA B9 01 91 FE 1C 04 FF FF AA AA BC 01 B0 FE 
12 04 FF FF AA AA D3 01 DB FE E3 03 FF FF AA AA 
FE 01 1F FF 91 03 FF FF AA AA 0C 02 73 FF 1C 03 
FF FF AA AA E9 01 EC FF D2 02 FF FF AA AA 9F 01 
4B 00 70 02 FF FF AA AA 61 01 77 00 3E 02 FF FF 
AA AA 2A 01 9A 00 1A 02 FF FF AA AA F0 00 AB 00 
F5 01 FF FF AA AA BD 00 B5 00 CC 01 FF FF AA AA 
99 00 B4 00 AB 01 FF FF AA AA A6 00 BA 00 B8 01 
FF FF AA AA B4 00 C4 00 D8 01 FF FF AA AA A7 00 
C5 00 D2 01 FF FF AA AA B1 00 D4 00 F2 01 FF FF 
AA AA C8 00 E2 00 20 02 FF FF AA AA C4 00 ED 00 
30 02 FF FF AA AA B3 00 EF 00 34 02 FF FF AA AA 
B4 00 F3 00 3B 02 FF FF AA AA B1 00 F0 00 3F 02 
FF FF AA AA C2 00 F9 00 70 02 FF FF AA AA F6 00 
E8 AA AA 2D 01 C7 00 0D 03 FF FF AA AA 25 01 C3 
00 4E 03 FF FF 00 4E 03 FF FF AA AA E8 00 E1 00 
6C 03 FF FF AA AA 9B 00 0A 01 56 03 FF FF AA AA 
56 00 20 01 37 03 FF FF AA AA 2D 00 2D 01 1C 03 
FF FF AA AA AA AA 28 00 2E 01 F7 02 FF FF AA AA 
29 00 2B 01 F5 02 FF FF 20 00 2F 01 0B 03 FF FF 
AA AA 34 00 2C 01 07 03 FF FF AA AA 4D 00 23 01 
1D 03 FF FF AA AA 70 00 1A 01 30 03 FF FF AA AA 
90 00 0D 01 2C 03 FF FF AA AA AA 00 09 01 2D 03 
FF FF AA AA A8 00 0D 01 FE 02 FF FF AA AA 54 00 
2A 01 B4 02 FF FF AA AA B0 FF 1D 01 31 02 FF FF 
AA AA 76 FF F2 00 E7 01 FF FF AA AA 74 FF 07 01 
00 02 FF FF AA AA 97 FF 22 01 3B 02 FF FF AA AA 
EF FF 32 01 6B 02 FF FF AA AA 29 00 30 01 7E 02 
FF FF AA AA 38 00 33 01 88 02 FF FF AA AA 4A 00 
2D 01 99 02 FF FF AA AA 53 00 2B 01 A8 02 FF FF 
AA AA AA AA 5F 00 31 01 E9 02 FF FF AA AA 68 00 
2C 01 0B 03 FF FF 5A 00 2E 01 BD 02 FF FF AA AA 
81 00 21 01 39 03 FF FF AA AA 85 00 20 01 35 03 
FF FF AA AA 7B 00 26 01 25 03 FF FF AA AA 6C 00 
2B 01 1E 03 FF FF AA AA 41 00 33 01 FB 02 FF FF 
AA AA FE FF 3F 01 D3 02 FF FF AA AA C1 FF 3C 01 
AE 02 FF FF AA AA 96 FF 3B 01 BE 02 FF FF AA AA 
81 FF 39 01 BC 02 FF FF AA AA 83 FF 3B 01 B3 02 
FF FF AA AA 7F FF 36 01 C5 02 FF FF AA AA 7A FF 
37 01 D3 02 FF FF AA AA 7B FF 36 01 CD 02 FF FF 
AA AA 9F FF 3B 01 A8 02 FF FF AA AA AF AA AA B5 
FF 2D 01 77 02 FF FF AA AA AF FF 2B 01 4F 02 FF 
FF FF 35 01 8D 02 FF FF AA AA A6 FF 1F 01 37 02 
FF FF AA AA A6 FF 13 01 20 02 FF FF AA AA 9F FF 
0B 01 0A 02 FF FF AA AA A0 FF FD AA AA B2 FF EF 
00 D7 01 FF FF AA AA D4 FF E1 00 BD 01 FF FF 00 
BD 01 FF FF AA AA EA FF C6 00 98 01 FF FF AA AA 
FD FF A1 00 73 01 FF FF AA AA 07 00 8C 00 50 01 
FF FF AA AA FE FF 75 00 46 01 FF FF AA AA EC FF 
61 00 35 01 FF FF AA AA DD FF 57 00 2B 01 FF AA 
AA CF FF 55 00 28 01 FF FF AA AA BD FF 4D 00 28 
01 FF FF AA AA B3 FF 3B 00 16 01 FF FF FF AA AA 
A8 FF 34 00 17 01 FF FF AA AA A3 FF 36 00 14 01 
FF FF AA AA 98 FF 3F 00 1C 01 FF FF AA AA 88 FF 
38 00 1B 01 FF FF AA AA 69 FF 3B 00 25 01 FF FF 
AA AA 2A FF 3F 00 47 01 FF FF AA AA C2 FE 45 00 
86 01 FF FF AA AA 67 FE 4E 00 EE 01 FF FF AA AA 
3D FE 62 00 50 02 FF FF AA AA 3A FE 82 00 AB 02 
FF FF AA AA 58 FE A6 00 01 03 FF FF AA AA 8F FE 
D8 00 42 03 FF FF AA AA D7 FE F1 00 72 03 FF FF 
AA AA 1A AA AA 64 FF 18 01 96 03 FF FF AA AA A6 
FF 22 01 98 03 FF FF FF 22 01 98 03 FF FF AA AA 
E1 FF 2B 01 7B 03 FF FF AA AA 12 00 29 01 63 03 
FF FF AA AA 38 00 31 01 3E 03 FF FF AA AA 55 00 
2F 01 1D 03 FF FF AA AA 57 00 2F 01 06 03 FF FF 
AA AA 59 00 2D 01 22 03 FF FF AA AA 4C 00 2B AA 
AA 44 00 37 01 3E 03 FF FF AA AA 44 00 3B 01 26 
03 FF FF 01 26 03 FF FF AA AA 3A 00 36 01 20 03 
FF FF AA AA 35 00 39 01 AA AA 20 00 3F 01 10 03 
FF FF AA AA 0D 00 40 01 1D 03 FF FF 1D 03 FF FF 
AA AA F9 FF 3D 01 2B 03 FF FF AA AA DE FF 3F 01 
24 03 FF FF AA AA C1 FF 46 01 1C 03 FF FF AA AA 
9E FF 3F 01 10 03 FF FF AA AA 9A FF 3F 01 F1 02 
FF FF AA AA 8E FF 40 01 EA 02 FF FF AA AA 84 FF 
42 01 F3 02 FF FF AA AA 91 FF 44 01 DE 02 FF FF 
AA AA A2 FF 46 01 D2 02 FF FF AA AA B9 FF 46 01 
B3 02 FF FF AA AA BD FF 42 01 9C 02 FF FF AA AA 
BF FF 40 01 8A 02 FF FF AA AA D7 FF 36 01 69 02 
FF FF AA AA F4 FF 30 01 3A 02 FF FF AA AA 11 00 
15 01 0D 02 FF FF AA AA 1D 00 00 01 EB 01 FF FF 
AA AA 28 00 E6 00 B3 01 FF FF AA AA 25 00 CA 00 
92 01 FF FF AA AA 1F 00 B9 00 77 01 FF FF AA AA 
0E 00 AD 00 6B 01 FF FF AA AA F1 FF A9 00 5B 01 
FF FF AA AA D5 FF 98 00 51 01 FF FF AA AA B9 FF 
8C 00 4E 01 FF FF AA AA A6 FF 81 00 4D 01 FF FF 
AA AA A0 FF 81 00 4D 01 FF FF AA AA 96 FF 7E 00 
4C 01 FF FF AA AA 77 FF 6F 00 46 01 FF FF AA AA 
65 FF 6A 00 45 01 FF FF AA AA 57 FF 66 00 3F 01 
FF FF AA AA 3E FF 67 00 4E 01 FF FF AA AA 0A FF 
69 00 73 01 FF FF AA AA BF FE 5E 00 93 01 FF FF 
AA AA 86 FE 5B 00 DA 01 FF FF AA AA 64 FE 6A 00 
06 02 FF FF AA AA 4C FE 75 00 5A 02 FF FF AA AA 
3E FE 84 00 92 02 FF FF AA AA 3D FE 8C 00 D9 02 
FF FF AA AA 4B FE 9F 00 1A 03 FF AA AA 63 FE B2 
00 4E 03 FF FF AA AA 90 FE CD 00 7C 03 FF FF FF 
AA AA D1 FE EC 00 8E 03 FF FF AA AA 15 FF 0B 01 
95 03 FF FF AA AA 59 FF 25 01 AA AA 89 FF 2E 01 
7F 03 FF FF AA AA B2 FF 3A 01 66 03 FF FF 92 03 
FF FF AA AA DD FF 40 01 42 03 FF FF AA AA 0F 00 
40 01 1E 03 FF AA AA 33 00 3E 01 F9 02 FF FF AA 
AA 41 00 3E 01 E0 02 FF FF FF AA AA 45 00 36 01 
CC 02 FF FF AA AA 3B 00 3F 01 BF 02 FF FF AA AA 
33 00 43 01 C2 02 FF FF AA AA 2F 00 41 01 BD 02 
FF FF AA AA 26 00 44 01 B3 02 FF FF AA AA 18 00 
44 01 C0 02 FF AA AA 03 00 45 01 BD 02 FF FF AA 
AA F5 FF 47 01 C0 02 FF FF FF AA AA DE FF 4A 01 
C7 02 FF FF AA AA C6 FF 4A 01 D6 02 FF FF AA AA 
B9 AA AA 9C FF 49 01 E5 02 FF FF AA AA 8D FF 48 
01 D2 02 FF FF FF 49 01 D3 02 FF FF AA AA 89 FF 
45 01 B8 02 FF FF AA AA 89 FF 46 01 8E 02 FF AA 
AA 8D FF 3A 01 63 02 FF FF AA AA 8E FF 29 01 17 
02 FF FF FF AA AA 82 FF FF 00 C2 01 FF FF AA AA 
75 FF C4 00 75 01 FF FF AA AA 5F FF 7C 00 3A 01 
FF FF AA AA 3A FF 1E 00 0D 01 FF FF AA AA 12 FF 
CF FF FA 00 FF FF AA AA F8 FE 92 FF F7 00 FF FF 
AA AA F2 FE 6F FF F4 00 FF FF AA AA AA AE FE 21 
FF 20 01 FF FF AA AA 84 FE 22 FF 3B 01 FF FF AA 
84 FE 22 FF 3B 01 AA AA 7C FE 2B FF 3D 01 FF FF 
AA AA 7F FE 19 FF 33 01 FF FF AA AA 90 FE 0A FF 
38 01 FF FF FF FF AA AA 8B FE 04 FF 35 01 FF FF 
AA AA 84 FE 05 FF 35 01 FF FF AA AA 7D FE 13 FF 
3A 01 FF FF AA AA 68 FE 1F FF 54 01 FF FF AA AA 
53 FE 41 FF 68 01 FF FF AA AA 3E FE 57 FF 73 01 
FF FF AA AA 30 FE 4B FF 96 01 FF FF AA AA 24 FE 
4C FF 9B 01 FF FF AA AA 15 FE 37 FF B2 01 FF FF 
AA AA 16 FE 3C FF B1 01 FF FF AA AA 20 FE 4F FF 
9E 01 FF FF AA AA 21 FE 55 FF 9C 01 AA AA 23 FE 
68 FF A7 01 FF FF AA AA 1B FE 7D FF B6 01 FF FF 
FF FF AA AA 12 FE 8C FF B9 01 FF FF AA AA 21 FE 
93 FF B7 01 FF FF AA AA 1C FE 8C FF B1 01 FF FF 
AA AA 2A FE 9C FF A4 01 FF FF AA AA 37 FE A3 FF 
9D 01 FF FF AA AA 37 FE 9F FF 96 01 FF FF AA AA 
34 FE 93 FF 9B 01 FF FF AA AA 32 FE 95 FF 9A 01 
FF FF AA AA 3A FE 95 FF 91 01 FF FF AA AA 36 FE 
BC FF 9D 01 FF FF AA AA 30 FE F9 FF D5 01 FF AA 
AA 25 FE 2D 00 FF 01 FF FF AA AA 20 FE 59 00 36 
02 FF FF FF AA AA 23 FE 7B 00 66 02 FF FF AA AA 
2A FE 9C 00 A9 02 FF AA AA 3F FE B1 00 E2 02 FF 
FF AA AA 51 FE C8 00 17 03 FF FF FF AA AA 6D FE 
D3 00 44 03 FF FF AA AA 87 FE DF 00 81 03 FF FF 
AA AA A6 FE DA 00 BA 03 FF FF AA AA C6 FE CA 00 
07 04 FF FF AA AA EC FE C6 00 18 04 FF FF AA AA 
14 FF C4 00 45 04 FF FF AA AA 41 FF BC 00 56 04 
FF FF AA AA 70 FF AE 00 72 04 FF FF AA AA 83 FF 
AC 00 6F 04 FF FF AA AA 87 FF A4 00 77 04 FF FF 
AA AA 93 FF 93 00 9B 04 FF FF AA AA AA FF 6C 00 
BB 04 FF FF AA AA D7 FF 2F AA AA 0A 00 E3 FF 02 
05 FF FF AA AA 2B 00 8B FF 1D 05 FF FF FF 1D 05 
FF FF AA AA 44 00 29 FF 2C 05 FF FF AA AA 45 00 
BE FE 27 05 FF FF AA AA 58 00 67 FE 1E 05 FF FF 
AA AA 6A 00 1C FE FA 04 FF FF AA AA 5A 00 C9 FD 
CE 04 FF FF AA AA 2D 00 7A FD A1 04 FF FF AA AA 
F9 FF 36 FD 52 04 FF FF AA AA B8 FF FA FC EB 03 
FF FF AA AA 8A FF E4 FC 82 03 FF FF AA AA 64 FF 
E0 FC 26 03 FF FF AA AA 30 FF F1 FC B9 02 FF FF 
AA AA 0B FF 1C FD 4E 02 FF FF AA AA F9 FE 57 FD 
F2 01 FF FF AA AA FC FE 90 FD A6 01 FF FF AA AA 
0D FF CB FD 5D 01 AA AA 17 FF 1E FE 27 01 FF FF 
AA AA 14 FF 4E FE 02 01 FF FF FF FF AA AA 13 FF 
6B FE FD 00 FF FF AA AA 13 FF 8F FE F5 00 FF FF 
AA AA 13 FF C3 FE E2 00 FF FF AA AA 15 FF E9 FE 
DE 00 FF FF AA AA 0C FF 09 FF E7 00 FF FF AA AA 
15 FF 0D FF E0 00 FF FF AA AA 15 FF 23 FF D4 00 
FF FF AA AA 13 FF 34 FF E3 00 FF FF AA AA 10 FF 
45 FF EB 00 FF FF AA AA CE FE B2 FF 13 01 FF FF 
AA AA A5 FE 17 00 60 01 FF FF AA AA A1 FE 72 00 
A6 01 FF FF AA AA 95 AA AA 96 FE EB 00 81 02 FF 
FF AA AA A1 FE FE 00 E1 02 FF FF FE FE 00 E1 02 
FF FF AA AA AA FE 05 01 23 03 FF FF AA AA BA FE 
03 01 70 03 FF FF AA AA BB FE F5 00 9C 03 FF FF 
AA AA C1 FE F4 00 B6 03 FF FF AA AA C0 FE EF 00 
AD 03 FF FF AA AA BE FE 04 01 7B 03 FF FF AA AA 
AB FE 0B 01 1B 03 FF FF AA AA 98 FE F8 00 B8 02 
FF FF AA AA 7F FE D4 00 61 02 FF FF AA AA 77 FE 
A3 00 15 BD 01 FF FF AA AA 6D FE 0D 00 89 01 FF 
FF AA AA 68 FE CC FF 7A 01 FF FF FE CC FF 7A 01 
FF FF AA AA 6A FE C5 FF 6F 01 FF FF AA AA 79 FE 
E1 FF 7A 01 FF FF 63 00 AA AA 8B FE 01 00 7F 01 
FF FF AA AA A4 FE 36 00 7C 01 FF FF AA AA C7 FE 
5D 00 79 01 FF FF AA AA FC FE 8F 00 89 01 FF FF 
AA AA 3E FF BD 00 8F 01 FF FF AA AA 80 FF E1 00 
A9 01 FF FF AA AA BC FF DD 00 A3 01 FF FF AA AA 
F2 AA AA 2E 00 D8 00 AF 01 FF FF AA AA 64 00 E0 
00 D4 01 FF FF 00 E0 00 D4 01 FF FF AA AA 9D 00 
E7 00 0C 02 FF FF AA AA C6 00 F0 00 53 02 FF FF 
AA AA E0 00 E3 00 94 02 FF FF AA AA 02 01 DE 00 
A1 02 FF FF AA AA 1A 01 C6 00 BD 02 AA AA 2A 01 
BF 00 E1 02 FF FF AA AA 36 01 B2 00 F8 02 FF FF 
FF FF AA AA 3F 01 AE 00 1F 03 FF FF AA AA 43 01 
9D 00 3B 03 FF FF AA AA 43 01 8D 00 7F 03 FF FF 
AA AA 48 01 6F 00 AE 03 FF FF AA AA 4E 01 48 00 
E2 03 FF FF AA AA 5B 01 1B 00 01 04 FF FF AA AA 
64 01 F5 FF 17 04 FF FF AA AA 7C 01 D2 FF 22 04 
FF FF AA AA 88 01 B2 FF 24 04 FF FF AA AA 81 01 
9A FF 34 04 FF FF AA AA 6F 01 95 FF 4C 04 FF FF 
AA AA 68 01 8D FF 5B 04 FF FF AA AA 6D 01 7F FF 
59 04 FF FF AA AA 77 01 6C FF 50 04 FF AA AA 7A 
01 3A FF 57 04 FF FF AA AA 81 01 0B FF 4A 04 FF 
FF FF AA AA 7A 01 55 FF 5C 04 FF FF AA AA 97 01 
DF FE 3D 04 FF FF AA AA B0 01 B7 FE 08 04 FF FF 
AA AA B8 01 8D FE E9 03 FF FF AA AA C1 01 4F FE 
B9 03 FF AA AA C4 01 2F FE 92 03 FF FF AA AA C8 
01 0E FE 57 03 FF FF FF AA AA C2 01 E5 FD 3C 03 
FF FF AA AA B6 01 C5 FD 1C 03 FF AA AA A0 01 AB 
FD EC 02 FF FF AA AA 8D 01 95 FD A8 02 FF FF FF 
AA AA 7E 01 93 FD 54 02 FF FF AA AA 6C 01 A8 FD 
06 02 FF FF AA AA 53 01 CE FD B6 01 FF FF AA AA 
43 01 ED FD 7B 01 FF FF AA AA 35 01 FA FD 68 01 
FF FF AA AA 20 01 EE FD 63 01 FF FF AA AA AA 1C 
01 10 FE 44 01 FF FF AA AA 18 01 3A FE 2B 01 FF 
FF AA AA AA 18 01 6D FE 13 01 FF FF AA AA 17 01 
AE FE 03 01 FF FF 1D 01 F1 FD 5B 01 FF FF AA AA 
16 01 E7 FE F1 00 FF FF AA AA 24 01 36 FF F7 00 
FF FF AA AA 35 01 71 FF 03 01 FF FF AA AA 3D 01 
B7 FF 26 01 FF FF AA AA 32 01 EA FF 33 01 FF FF 
AA AA 18 01 AA AA 07 01 33 00 3C 01 FF FF AA AA 
F7 00 39 00 35 01 FF FF 39 00 35 01 FF FF AA AA 
FD 00 34 00 3C 01 FF FF AA AA FD 00 42 00 43 01 
FF FF AA AA F3 00 59 00 47 01 FF FF AA AA DD 00 
76 00 54 01 FF FF AA AA A8 00 8E 00 5C 01 AA AA 
76 00 9F 00 57 01 FF FF AA AA 58 00 BA 00 7A 01 
FF FF FF FF AA AA 3A 00 F6 00 C4 01 FF FF AA AA 
28 00 2A 01 3E 02 FF AA AA 17 00 3E 01 B7 02 FF 
FF AA AA 13 00 39 01 31 03 FF FF FF AA AA 10 00 
2C 01 7D 03 FF FF AA AA 16 00 0F AA AA 18 00 FA 
00 F9 03 FF FF AA AA 1A 00 DC 00 1C 04 FF FF 00 
1C 04 FF FF AA AA 1D 00 BF 00 49 04 FF FF AA AA 
21 00 B2 00 59 04 FF FF AA AA 1F 00 BA 00 4B 04 
FF FF AA AA 16 00 BB 00 5D 04 FF FF AA AA 06 00 
BD 00 4F 04 FF FF AA AA AA 0D 00 D6 00 30 04 FF 
FF AA AA E6 FF F5 00 FB 03 FF FF AA AA AB FF 24 
01 93 03 AA AA 49 FF 2E 01 09 03 FF FF AA AA 05 
FF 07 01 5B 02 FF FF FF FF AA 05 FF 07 01 5B 02 
FF FF AA AA 04 FF C8 00 CF 01 FF FF AA AA 24 FF 
8F 00 7A 01 FF FF AA AA 39 FF 60 00 3E 01 FF FF 
AA AA 59 FF 2F 00 0F 01 FF FF AA AA 7F FF F9 FF 
E6 00 FF FF AA AA AA FF BB FF CD 00 FF FF AA AA 
CC FF 88 FF B7 00 FF FF AA AA E5 FF 51 FF B9 00 
FF FF AA AA 03 00 24 FF BE 00 FF FF AA AA 1B 00 
FD FE BC 00 FF FF AA AA 20 00 DB FE C2 00 FF FF 
AA AA AA 34 00 BC FE CE 00 FF FF AA AA 55 00 B1 
FE E0 00 FF FF AA AA 55 AA 78 00 BB FE E5 00 FF 
FF AA AA 9B 00 C3 FE E8 00 AA AA DC 00 B5 FE 03 
01 FF FF AA AA E3 00 B1 FE 17 01 FF FF 01 FF FF 
AA BA 00 C1 FE FC 00 FF FF 00 AA AA DA 00 A1 FE 
14 01 FF FF AA AA E5 00 87 FE 18 01 FF FF 87 FE 
18 01 FF FF AA AA FD 00 61 FE 3C 01 FF FF AA AA 
0F 01 32 FE 5B 01 FF FF AA AA 0E 01 12 FE 6E 01 
FF FF AA AA 12 01 FF FD 85 01 AA AA 24 01 E2 FD 
9B 01 FF FF AA AA 32 01 C5 FD CE 01 FF FF FF FF 
AA AA 36 01 98 FD 05 02 FF FF AA AA 41 01 85 FD 
4D 02 AA AA 68 01 8C FD AF 02 FF FF AA AA 89 01 
A8 FD F7 02 FF FF FF FF AA AA A3 01 C7 FD 2E 03 
FF FF AA AA B6 01 F5 FD 68 03 FF FF AA AA AA AA 
DB 01 91 FE C9 03 FF FF AA AA E1 01 D5 FE CA 03 
FF FF CE 01 40 FE A1 03 FF FF AA AA E9 01 02 FF 
CA 03 FF FF AA AA E5 01 23 FF C2 03 FF FF AA AA 
E8 01 48 FF B6 03 FF FF AA AA E6 01 68 FF B6 03 
FF AA AA DC 01 7B FF C1 03 FF FF AA AA E0 01 85 
FF BE 03 FF FF FF AA AA E4 01 90 FF AB 03 FF FF 
AA AA F0 01 91 FF 8D AA AA F1 01 B3 FF 5D 03 FF 
FF AA AA D3 01 13 00 11 03 FF FF 03 FF FF AA AA 
88 01 75 00 CC 02 FF FF AA AA 50 01 A5 00 A2 02 
FF FF AA AA 4F 01 9A 00 83 02 FF FF AA AA 7A 01 
72 00 84 02 FF FF AA AA 96 01 48 00 86 02 FF FF 
AA AA B9 01 1B 00 8A 02 FF FF AA AA D8 01 EB FF 
95 02 FF FF AA AA E6 01 C7 FF A7 02 FF FF AA AA 
F7 AA AA 01 02 9E FF DA 02 FF FF AA AA 05 02 87 
FF 04 03 FF FF 02 87 FF 04 03 FF FF AA AA 0B 02 
6C FF 3E 03 FF FF AA AA 07 02 5E FF 5B 03 FF FF 
AA AA 06 02 6B FF 53 03 FF FF AA AA 06 02 78 FF 
40 03 FF AA AA 04 02 6E FF 55 03 FF FF AA AA 02 
02 6C FF 6A 03 FF FF FF AA AA FB 01 6C FF 6F 03 
FF FF AA AA FE 01 74 FF 70 03 FF FF AA AA FC 01 
7A FF 5E 03 FF FF AA AA 00 02 70 FF 5C 03 FF FF 
AA AA 05 02 73 FF 4C 03 FF FF AA AA 06 02 7F FF 
3C 03 FF FF AA AA 03 AA AA F8 01 AF FF 1F 03 FF 
FF AA AA FA 01 C8 FF F6 02 FF FF 02 91 FF 2D 03 
FF FF AA AA F6 01 CB FF CE 02 FF FF AA AA FA 01 
C5 FF A7 02 FF FF AA AA FC 01 B0 FF 82 02 FF FF 
AA AA 07 02 8D FF 76 02 FF FF AA AA 0C 02 68 FF 
5F 02 FF FF AA AA 11 02 54 FF 5E 02 FF AA AA 11 
02 41 FF 58 02 FF FF AA AA 1C 02 15 FF 57 02 FF 
FF FF AA AA 1E 02 EA FE 7B 02 FF FF AA AA 24 02 
BE FE 99 02 FF FF AA AA 23 02 AA FE A7 02 FF FF 
AA AA 27 02 A3 FE AB 02 FF FF AA AA 1D 02 9C FE 
8F 02 FF FF AA AA 17 02 CB AA AA 07 02 30 FF 04 
02 FF FF AA AA ED 01 92 FF F8 01 FF FF AA AA E5 
01 BE FF 00 02 FF FF FF F8 01 AA AA E2 01 DE FF 
1C 02 FF FF AA AA E0 01 F5 FF 32 02 FF FF FF FF 
AA AA E3 01 F7 FF 5E 02 FF FF AA AA F2 01 E9 AA 
AA F7 01 E2 FF 67 02 FF FF AA AA FC 01 CD FF 6B 
02 FF FF FF 6B 02 FF FF AA AA FD 01 C8 FF 6B 02 
FF FF AA AA FB 01 BA FF 52 02 AA AA F3 01 B4 FF 
1A 02 FF FF AA AA D7 01 C4 FF FA 01 FF FF FF FF 
AA AA C9 01 D5 FF DC 01 FF FF AA AA C3 01 DB FF 
CF 01 FF AA AA CA 01 DB FF DD 01 FF FF AA AA D2 
01 DD FF FB 01 FF FF FF AA AA DC 01 DF FF 10 02 
FF FF AA AA E3 01 EA FF 27 02 FF FF AA AA E6 01 
E3 FF 26 02 FF FF AA AA E7 01 E8 FF 2A 02 FF FF 
AA AA E1 01 E5 FF 25 02 FF FF AA AA E7 01 EB FF 
30 02 FF FF AA AA DB 01 FB FF 41 02 FF FF AA AA 
D8 01 08 00 42 02 FF FF AA AA D2 01 0D 00 2A AA 
AA CB 01 1A 00 2D 02 FF FF AA AA C6 01 1D 00 25 
02 FF FF 02 FF FF AA AA C7 01 1F 00 1E 02 FF FF 
AA AA B8 01 1E 00 07 02 FF FF AA AA B5 01 1D 00 
F8 01 FF FF AA AA AF 01 1F 00 EE 01 FF FF AA AA 
B0 01 20 00 F4 01 FF FF AA AA AE 01 1B 00 F6 01 
FF AA AA AF 01 1D 00 F9 01 FF FF AA AA BA 01 15 
00 FE 01 FF FF FF AA AA C3 01 1C 00 1A 02 FF FF 
AA AA C6 01 1B 00 1D 02 FF FF AA AA D3 01 0F 00 
2B 02 FF FF AA AA D3 01 0B 00 33 02 FF FF AA AA 
DA 01 0C 00 2D 02 FF FF AA AA D5 01 11 00 32 02 
FF FF AA AA C7 01 1D 00 31 02 FF FF AA AA C7 01 
29 00 40 02 FF FF AA AA C1 01 3A 00 5E 02 FF FF 
AA AA BF 01 47 00 7A 02 FF FF AA AA B5 01 57 00 
93 AA AA A9 01 5F 00 C1 02 FF FF AA AA A3 01 6B 
00 04 03 FF FF 03 FF FF AA AA A1 01 62 00 36 03 
FF FF AA AA A0 01 4A 00 72 03 FF FF AA AA AA 01 
2D 00 A4 03 FF FF AA AA B1 01 01 00 C5 03 FF FF 
AA AA BF 01 C8 FF E1 03 FF FF AA AA CE 01 86 FF 
F6 03 FF FF AA AA DE 01 4A FF FC 03 FF FF AA AA 
E0 01 1D FF E9 03 FF FF AA AA E6 01 D1 FE EE 03 
FF FF AA AA DA 01 71 FE EC 03 FF FF AA AA C7 01 
22 FE D7 03 FF FF AA AA CD 01 10 FE BC 03 FF FF 
AA AA DC 01 12 FE 9F 03 FF FF AA AA D5 01 E8 FD 
85 03 FF FF AA AA BF 01 C5 FD 5B 03 FF FF AA AA 
A5 01 97 FD 32 03 FF FF AA AA 92 01 7E FD 22 03 
FF FF AA AA 8E 01 77 FD 10 03 FF FF AA AA 9C 01 
86 FD FF 02 FF FF AA AA A0 01 8D FD F9 02 FF FF 
AA AA 9C 01 8E AA AA A1 01 8B FD DF 02 FF FF AA 
AA A5 01 8B FD D8 02 FF FF FD D8 02 FF FF AA AA 
9D 01 8D FD D8 02 FF FF AA AA 94 01 81 FD C9 02 
AA AA 9A 01 A0 FD 71 02 FF FF AA AA B8 01 F3 FD 
0C 02 FF FF FF FF AA AA 89 01 79 FD AC 02 FF FF 
AA AA C2 01 65 FE B6 01 FF FF AA AA BE 01 D8 FE 
84 01 FF FF AA AA CE 01 2D FF 8E 01 FF FF AA AA 
D1 01 80 FF AC 01 FF FF AA AA CE 01 C6 FF CC 01 
FF FF AA AA C8 01 06 00 FF 01 FF FF AA AA BA 01 
32 00 28 02 FF FF AA AA B7 01 3B 00 32 02 FF FF 
AA AA B7 01 44 00 3D 02 FF FF AA AA BC 01 3B 00 
49 02 FF FF AA AA C8 01 3A 00 53 02 FF FF AA AA 
CD 01 2D 00 53 02 FF FF AA AA CA 01 2E 00 4C 02 
FF FF AA AA C8 01 30 00 66 02 FF FF AA AA D6 01 
24 00 76 02 FF FF AA AA E0 01 10 00 6C 02 FF FF 
AA AA AA F4 01 EA FF 67 02 FF FF AA AA F7 01 E4 
FF 56 02 FF FF FF FF 01 F5 FF 64 02 FF FF AA AA 
F6 01 DD FF 51 02 FF FF AA AA F1 01 EB FF 5D 02 
FF FF AA AA E8 01 EE FF 53 02 FF FF AA AA EA 01 
F6 FF 54 02 FF FF AA AA DE 01 0F 00 52 02 FF FF 
AA AA D8 01 1D 00 52 02 FF FF AA AA D8 01 12 00 
56 02 FF FF AA AA D7 01 17 00 57 02 FF FF AA AA 
D8 01 19 00 4F 02 FF FF AA AA D8 01 1A 00 52 02 
FF FF AA AA D6 01 12 00 4B 02 FF FF AA AA D9 01 
1C 00 4B 02 FF FF AA AA CE 01 27 00 49 02 FF FF 
AA AA D1 01 24 00 47 02 FF FF AA AA CB AA AA CA 
01 2A 00 46 02 FF FF AA AA CB 01 2B 00 4E 02 FF 
FF 01 24 00 41 02 FF FF AA AA C9 01 30 00 40 02 
FF FF AA AA CB 01 33 00 4F 02 FF FF AA AA C7 01 
34 00 4D 02 FF FF AA AA C5 01 36 AA AA C3 01 37 
00 41 02 FF FF AA AA C2 01 36 00 3B 02 FF FF 00 
3B 02 FF FF AA AA BD 01 38 00 3B 02 FF FF AA AA 
C2 01 31 00 32 02 FF FF AA AA C2 01 23 00 20 02 
FF FF AA AA C2 01 1A 00 13 02 FF FF AA AA C6 01 
10 00 18 02 FF FF AA AA C3 01 06 00 0F 02 FF FF 
AA AA BC 01 0A 00 0B 02 FF FF AA AA BF 01 00 00 
F4 01 FF FF AA AA C2 01 F1 FF FD 01 FF FF AA AA 
D3 01 EE FF 0B 02 FF FF AA AA C6 01 FC FF 14 02 
FF FF AA AA BE 01 0F 00 1A 02 FF FF AA AA B3 01 
32 00 29 02 FF FF AA AA 9D 01 43 00 30 02 FF FF 
AA AA 99 01 50 00 28 02 FF FF AA AA 8E 01 63 00 
3F 02 FF FF AA AA 89 01 67 00 32 02 FF FF AA AA 
90 01 62 00 2E 02 FF FF AA AA 93 01 54 00 37 02 
FF AA AA 95 01 56 00 28 02 FF FF AA AA 8F 01 59 
00 27 02 FF FF FF AA AA 93 01 5B 00 32 02 FF FF 
AA AA 90 01 60 00 3D 02 AA AA 8B 01 75 00 50 02 
FF FF AA AA 89 01 7C 00 5E 02 FF FF FF FF AA AA 
96 01 7B 00 7F 02 FF FF AA AA B1 01 60 00 A7 02 
FF FF AA AA AA D5 01 36 00 AF 02 FF FF AA AA DA 
01 2D 00 A5 02 FF FF AA CE 01 3E 00 AA 02 FF FF 
AA AA D8 01 2C 00 A7 02 FF FF AA AA E1 01 20 00 
A0 02 FF FF AA AA ED 01 03 00 B0 02 FF FF AA AA 
FF 01 DD FF BC 02 AA AA 0A 02 A8 FF BC 02 FF FF 
AA AA 20 02 5A FF C0 02 FF FF FF FF AA AA 22 02 
F3 FE 9D 02 FF FF AA AA 0B 02 89 FE 60 02 FF FF 
AA AA D9 01 48 FE 12 02 FF FF AA AA A2 01 23 FE 
DC 01 FF AA AA 76 01 1B FE B4 01 FF FF AA AA 50 
01 28 FE 75 01 FF FF FF AA AA 20 01 3E FE 46 01 
FF FF AA AA FF 00 68 FE 1D 01 FF FF AA AA E0 00 
8A FE 02 01 FF FF AA AA E9 00 7A FE 09 01 FF FF 
FF FF AA E5 00 86 FE 11 01 FF AA AA F8 00 78 FE 
11 01 FF FF AA AA 06 01 7A FE 22 01 FF FF AA AA 
01 01 7E FE 20 01 FF FF AA AA FF 00 7B FE 14 01 
FF AA AA 00 01 7B FE 16 01 FF FF AA AA 0B 01 7D 
FE 1F 01 FF FF FF AA AA 0A 01 7F FE 1F 01 FF FF 
AA AA 00 01 7B FE 2D 01 FF AA AA 07 01 81 FE 2B 
01 FF FF AA AA 06 01 8A FE 22 01 FF FF FF AA AA 
04 01 8A FE 26 01 FF FF AA AA 07 01 88 FE 2C 01 
FF FF AA AA 05 01 89 FE 21 01 FF FF AA AA 0A 01 
90 FE 23 01 FF FF AA AA 17 01 9C FE 21 01 FF FF 
AA AA 26 01 AA FE 23 01 FF FF AA AA AA AA 26 01 
BE FE 22 01 FF FF AA AA 29 01 BE FE 27 01 FF FF 
26 01 AD FE 22 01 FF FF AA AA 28 01 B9 FE 25 01 
FF FF AA AA 2D 01 B2 FE 29 01 FF FF AA AA 32 01 
AF FE 33 01 FF FF AA AA 3A 01 A1 FE 44 01 FF FF 
AA AA 3D 01 8B FE 48 01 FF FF AA AA 47 01 8E FE 
4E 01 FF AA AA 59 01 84 FE 5D 01 FF FF AA AA 58 
01 66 FE 6B 01 FF FF FF AA AA 57 01 44 FE 7A 01 
FF FF AA AA 4A 01 28 FE 89 01 FF FF AA AA 45 01 
0B FE 96 01 FF FF AA AA 2F 01 E9 FD 99 01 FF FF 
AA AA 17 01 D3 FD 97 01 FF FF AA AA 0F 01 CB FD 
9E 01 FF FF AA AA 01 FF FF AA AA 03 01 BA FD 91 
01 FF FF AA AA 0F 01 C9 FD 8D 01 FF FF FF 01 C2 
FD 94 AA AA 18 01 D4 FD 8B 01 FF FF AA AA 1C 01 
CD FD 8F 01 FF FF AA AA 12 01 C1 FD 9C 01 FF FF 
AA AA 06 01 AE FD AA AA 01 01 9F FD B2 01 FF FF 
AA AA FD 00 9B FD BC 01 FF FF BC 01 FF FF AA AA 
02 01 9B FD BF 01 FF FF AA AA F0 00 91 FD B8 01 
FF FF AA AA DC 00 93 FD B4 01 FF FF AA AA CE 00 
96 FD 98 01 AA AA BE 00 D4 FD 52 01 FF FF AA AA 
BC 00 67 FE 02 01 FF FF FF FF AA AA CD 00 E8 FE 
E2 00 FF FF AA AA DE 00 43 FF ED 00 FF FF AA AA 
F4 00 95 FF 07 01 FF FF AA AA 15 01 DC FF 2D 01 
FF FF AA AA AA 55 01 1F 00 88 01 FF FF AA AA 64 
01 2C 00 B0 01 FF FF AA 3A 01 0A 00 63 01 FF FF 
AA AA 75 01 2D 00 C9 01 FF FF AA AA 90 01 27 00 
EB 01 FF FF AA AA A8 01 1B 00 12 02 FF FF AA AA 
B5 01 10 00 20 02 FF FF AA AA B4 01 0B 00 26 02 
FF FF AA AA BE 01 0A 00 39 02 FF FF AA AA BE 01 
07 00 32 02 FF FF AA AA BF 01 07 00 35 02 AA AA 
C5 01 0A 00 3A 02 FF FF AA AA CD 01 03 00 4D 02 
FF FF FF FF AA AA CF 01 FC FF 5E 02 FF FF AA AA 
D3 01 F9 FF 6A AA AA D7 01 F2 FF 6E 02 FF FF AA 
AA CC 01 FD FF 70 02 FF FF AA AA C8 01 0A 00 86 
02 FF 02 FF FF FF AA AA C7 01 14 00 95 02 FF FF 
AA AA CC 01 19 00 9F 02 FF FF AA AA C1 01 22 00 
B2 02 FF FF AA AA C1 01 33 00 C8 02 FF AA AA BA 
01 3C 00 DA 02 FF FF AA AA B1 01 41 00 E6 02 FF 
FF FF AA AA AB 01 47 00 E7 02 FF FF AA AA AA 01 
48 00 F1 02 FF FF AA AA B0 01 4E 00 ED 02 FF FF 
AA AA A0 01 59 00 ED 02 FF FF AA AA 7A 01 81 00 
DC 02 FF FF AA AA 47 01 B1 00 CC 02 FF FF AA AA 
22 01 CA 00 C6 02 FF FF AA AA 26 01 C7 00 CC 02 
FF FF AA AA 35 01 BA 00 D2 02 FF FF AA AA 3A 01 
B8 00 D3 02 FF FF